{"C:\\Users\\omlok\\Documents\\prompt-war\\StadiumIQ\\src\\App.jsx": {"path":"C:\\Users\\omlok\\Documents\\prompt-war\\StadiumIQ\\src\\App.jsx","statementMap":{"0":{"start":{"line":29,"column":6},"end":{"line":29,"column":20}},"1":{"start":{"line":31,"column":2},"end":{"line":87,"column":4}}},"fnMap":{"0":{"name":"App","decl":{"start":{"line":12,"column":9},"end":{"line":12,"column":12}},"loc":{"start":{"line":12,"column":15},"end":{"line":88,"column":1}},"line":12}},"branchMap":{},"s":{"0":0,"1":0},"f":{"0":0},"b":{}}
,"C:\\Users\\omlok\\Documents\\prompt-war\\StadiumIQ\\src\\firebase.js": {"path":"C:\\Users\\omlok\\Documents\\prompt-war\\StadiumIQ\\src\\firebase.js","statementMap":{"0":{"start":{"line":4,"column":23},"end":{"line":12,"column":1}},"1":{"start":{"line":14,"column":12},"end":{"line":14,"column":41}},"2":{"start":{"line":15,"column":18},"end":{"line":15,"column":35}}},"fnMap":{},"branchMap":{"0":{"loc":{"start":{"line":5,"column":10},"end":{"line":5,"column":61}},"type":"binary-expr","locations":[{"start":{"line":5,"column":10},"end":{"line":5,"column":47}},{"start":{"line":5,"column":51},"end":{"line":5,"column":61}}],"line":5},"1":{"loc":{"start":{"line":6,"column":14},"end":{"line":6,"column":72}},"type":"binary-expr","locations":[{"start":{"line":6,"column":14},"end":{"line":6,"column":55}},{"start":{"line":6,"column":59},"end":{"line":6,"column":72}}],"line":6},"2":{"loc":{"start":{"line":7,"column":15},"end":{"line":7,"column":74}},"type":"binary-expr","locations":[{"start":{"line":7,"column":15},"end":{"line":7,"column":57}},{"start":{"line":7,"column":61},"end":{"line":7,"column":74}}],"line":7},"3":{"loc":{"start":{"line":8,"column":13},"end":{"line":8,"column":74}},"type":"binary-expr","locations":[{"start":{"line":8,"column":13},"end":{"line":8,"column":53}},{"start":{"line":8,"column":57},"end":{"line":8,"column":74}}],"line":8},"4":{"loc":{"start":{"line":9,"column":17},"end":{"line":9,"column":86}},"type":"binary-expr","locations":[{"start":{"line":9,"column":17},"end":{"line":9,"column":61}},{"start":{"line":9,"column":65},"end":{"line":9,"column":86}}],"line":9},"5":{"loc":{"start":{"line":10,"column":21},"end":{"line":10,"column":90}},"type":"binary-expr","locations":[{"start":{"line":10,"column":21},"end":{"line":10,"column":70}},{"start":{"line":10,"column":74},"end":{"line":10,"column":90}}],"line":10},"6":{"loc":{"start":{"line":11,"column":9},"end":{"line":11,"column":62}},"type":"binary-expr","locations":[{"start":{"line":11,"column":9},"end":{"line":11,"column":45}},{"start":{"line":11,"column":49},"end":{"line":11,"column":62}}],"line":11}},"s":{"0":0,"1":0,"2":0},"f":{},"b":{"0":[0,0],"1":[0,0],"2":[0,0],"3":[0,0],"4":[0,0],"5":[0,0],"6":[0,0]}}
,"C:\\Users\\omlok\\Documents\\prompt-war\\StadiumIQ\\src\\components\\AccessibilityPanel.jsx": {"path":"C:\\Users\\omlok\\Documents\\prompt-war\\StadiumIQ\\src\\components\\AccessibilityPanel.jsx","statementMap":{"0":{"start":{"line":4,"column":29},"end":{"line":4,"column":69}},"1":{"start":{"line":6,"column":2},"end":{"line":29,"column":4}},"2":{"start":{"line":15,"column":12},"end":{"line":18,"column":17}}},"fnMap":{"0":{"name":"AccessibilityPanel","decl":{"start":{"line":3,"column":24},"end":{"line":3,"column":42}},"loc":{"start":{"line":3,"column":56},"end":{"line":30,"column":1}},"line":3},"1":{"name":"(anonymous_1)","decl":{"start":{"line":14,"column":34},"end":{"line":14,"column":35}},"loc":{"start":{"line":15,"column":12},"end":{"line":18,"column":17}},"line":15}},"branchMap":{"0":{"loc":{"start":{"line":4,"column":29},"end":{"line":4,"column":69}},"type":"binary-expr","locations":[{"start":{"line":4,"column":29},"end":{"line":4,"column":63}},{"start":{"line":4,"column":67},"end":{"line":4,"column":69}}],"line":4},"1":{"loc":{"start":{"line":12,"column":7},"end":{"line":23,"column":7}},"type":"cond-expr","locations":[{"start":{"line":13,"column":8},"end":{"line":20,"column":13}},{"start":{"line":22,"column":8},"end":{"line":22,"column":98}}],"line":12}},"s":{"0":0,"1":0,"2":0},"f":{"0":0,"1":0},"b":{"0":[0,0],"1":[0,0]}}
,"C:\\Users\\omlok\\Documents\\prompt-war\\StadiumIQ\\src\\components\\AdBanner.jsx": {"path":"C:\\Users\\omlok\\Documents\\prompt-war\\StadiumIQ\\src\\components\\AdBanner.jsx","statementMap":{"0":{"start":{"line":4,"column":2},"end":{"line":10,"column":9}},"1":{"start":{"line":5,"column":4},"end":{"line":9,"column":5}},"2":{"start":{"line":6,"column":6},"end":{"line":6,"column":63}},"3":{"start":{"line":12,"column":2},"end":{"line":22,"column":4}}},"fnMap":{"0":{"name":"AdBanner","decl":{"start":{"line":3,"column":24},"end":{"line":3,"column":32}},"loc":{"start":{"line":3,"column":35},"end":{"line":23,"column":1}},"line":3},"1":{"name":"(anonymous_1)","decl":{"start":{"line":4,"column":12},"end":{"line":4,"column":13}},"loc":{"start":{"line":4,"column":18},"end":{"line":10,"column":3}},"line":4}},"branchMap":{"0":{"loc":{"start":{"line":6,"column":28},"end":{"line":6,"column":52}},"type":"binary-expr","locations":[{"start":{"line":6,"column":28},"end":{"line":6,"column":46}},{"start":{"line":6,"column":50},"end":{"line":6,"column":52}}],"line":6}},"s":{"0":0,"1":0,"2":0,"3":0},"f":{"0":0,"1":0},"b":{"0":[0,0]}}
,"C:\\Users\\omlok\\Documents\\prompt-war\\StadiumIQ\\src\\components\\ChatInterface.jsx": {"path":"C:\\Users\\omlok\\Documents\\prompt-war\\StadiumIQ\\src\\components\\ChatInterface.jsx","statementMap":{"0":{"start":{"line":14,"column":36},"end":{"line":14,"column":48}},"1":{"start":{"line":15,"column":42},"end":{"line":15,"column":56}},"2":{"start":{"line":16,"column":25},"end":{"line":16,"column":37}},"3":{"start":{"line":18,"column":32},"end":{"line":40,"column":3}},"4":{"start":{"line":19,"column":20},"end":{"line":26,"column":5}},"5":{"start":{"line":27,"column":21},"end":{"line":27,"column":42}},"6":{"start":{"line":28,"column":4},"end":{"line":39,"column":5}},"7":{"start":{"line":29,"column":6},"end":{"line":29,"column":100}},"8":{"start":{"line":30,"column":6},"end":{"line":30,"column":140}},"9":{"start":{"line":31,"column":6},"end":{"line":33,"column":7}},"10":{"start":{"line":32,"column":8},"end":{"line":32,"column":42}},"11":{"start":{"line":35,"column":26},"end":{"line":35,"column":82}},"12":{"start":{"line":35,"column":62},"end":{"line":35,"column":81}},"13":{"start":{"line":36,"column":6},"end":{"line":38,"column":7}},"14":{"start":{"line":37,"column":8},"end":{"line":37,"column":40}},"15":{"start":{"line":43,"column":2},"end":{"line":45,"column":28}},"16":{"start":{"line":44,"column":4},"end":{"line":44,"column":67}},"17":{"start":{"line":47,"column":21},"end":{"line":52,"column":3}},"18":{"start":{"line":48,"column":4},"end":{"line":48,"column":30}},"19":{"start":{"line":48,"column":11},"end":{"line":48,"column":30}},"20":{"start":{"line":49,"column":4},"end":{"line":49,"column":47}},"21":{"start":{"line":49,"column":40},"end":{"line":49,"column":47}},"22":{"start":{"line":50,"column":4},"end":{"line":50,"column":36}},"23":{"start":{"line":51,"column":4},"end":{"line":51,"column":21}},"24":{"start":{"line":54,"column":24},"end":{"line":59,"column":3}},"25":{"start":{"line":55,"column":4},"end":{"line":58,"column":5}},"26":{"start":{"line":56,"column":6},"end":{"line":56,"column":25}},"27":{"start":{"line":57,"column":6},"end":{"line":57,"column":19}},"28":{"start":{"line":61,"column":21},"end":{"line":67,"column":3}},"29":{"start":{"line":62,"column":4},"end":{"line":62,"column":30}},"30":{"start":{"line":62,"column":20},"end":{"line":62,"column":30}},"31":{"start":{"line":63,"column":17},"end":{"line":63,"column":36}},"32":{"start":{"line":64,"column":18},"end":{"line":64,"column":61}},"33":{"start":{"line":65,"column":20},"end":{"line":65,"column":65}},"34":{"start":{"line":66,"column":4},"end":{"line":66,"column":33}},"35":{"start":{"line":69,"column":2},"end":{"line":187,"column":4}},"36":{"start":{"line":82,"column":16},"end":{"line":88,"column":25}},"37":{"start":{"line":84,"column":33},"end":{"line":84,"column":56}},"38":{"start":{"line":95,"column":25},"end":{"line":95,"column":44}},"39":{"start":{"line":96,"column":10},"end":{"line":114,"column":12}},"40":{"start":{"line":144,"column":31},"end":{"line":144,"column":62}},"41":{"start":{"line":170,"column":27},"end":{"line":170,"column":55}}},"fnMap":{"0":{"name":"ChatInterface","decl":{"start":{"line":4,"column":24},"end":{"line":4,"column":37}},"loc":{"start":{"line":13,"column":3},"end":{"line":188,"column":1}},"line":13},"1":{"name":"(anonymous_1)","decl":{"start":{"line":18,"column":32},"end":{"line":18,"column":33}},"loc":{"start":{"line":18,"column":38},"end":{"line":40,"column":3}},"line":18},"2":{"name":"(anonymous_2)","decl":{"start":{"line":35,"column":55},"end":{"line":35,"column":56}},"loc":{"start":{"line":35,"column":62},"end":{"line":35,"column":81}},"line":35},"3":{"name":"(anonymous_3)","decl":{"start":{"line":43,"column":12},"end":{"line":43,"column":13}},"loc":{"start":{"line":43,"column":18},"end":{"line":45,"column":3}},"line":43},"4":{"name":"(anonymous_4)","decl":{"start":{"line":47,"column":21},"end":{"line":47,"column":22}},"loc":{"start":{"line":47,"column":28},"end":{"line":52,"column":3}},"line":47},"5":{"name":"(anonymous_5)","decl":{"start":{"line":54,"column":24},"end":{"line":54,"column":25}},"loc":{"start":{"line":54,"column":31},"end":{"line":59,"column":3}},"line":54},"6":{"name":"(anonymous_6)","decl":{"start":{"line":61,"column":21},"end":{"line":61,"column":22}},"loc":{"start":{"line":61,"column":36},"end":{"line":67,"column":3}},"line":61},"7":{"name":"(anonymous_7)","decl":{"start":{"line":81,"column":65},"end":{"line":81,"column":66}},"loc":{"start":{"line":82,"column":16},"end":{"line":88,"column":25}},"line":82},"8":{"name":"(anonymous_8)","decl":{"start":{"line":84,"column":27},"end":{"line":84,"column":28}},"loc":{"start":{"line":84,"column":33},"end":{"line":84,"column":56}},"line":84},"9":{"name":"(anonymous_9)","decl":{"start":{"line":94,"column":22},"end":{"line":94,"column":23}},"loc":{"start":{"line":94,"column":31},"end":{"line":115,"column":9}},"line":94},"10":{"name":"(anonymous_10)","decl":{"start":{"line":144,"column":24},"end":{"line":144,"column":25}},"loc":{"start":{"line":144,"column":31},"end":{"line":144,"column":62}},"line":144},"11":{"name":"(anonymous_11)","decl":{"start":{"line":170,"column":20},"end":{"line":170,"column":21}},"loc":{"start":{"line":170,"column":27},"end":{"line":170,"column":55}},"line":170}},"branchMap":{"0":{"loc":{"start":{"line":5,"column":2},"end":{"line":5,"column":15}},"type":"default-arg","locations":[{"start":{"line":5,"column":13},"end":{"line":5,"column":15}}],"line":5},"1":{"loc":{"start":{"line":6,"column":2},"end":{"line":6,"column":19}},"type":"default-arg","locations":[{"start":{"line":6,"column":14},"end":{"line":6,"column":19}}],"line":6},"2":{"loc":{"start":{"line":7,"column":2},"end":{"line":7,"column":14}},"type":"default-arg","locations":[{"start":{"line":7,"column":10},"end":{"line":7,"column":14}}],"line":7},"3":{"loc":{"start":{"line":11,"column":2},"end":{"line":11,"column":33}},"type":"default-arg","locations":[{"start":{"line":11,"column":28},"end":{"line":11,"column":33}}],"line":11},"4":{"loc":{"start":{"line":28,"column":4},"end":{"line":39,"column":5}},"type":"if","locations":[{"start":{"line":28,"column":4},"end":{"line":39,"column":5}},{"start":{},"end":{}}],"line":28},"5":{"loc":{"start":{"line":31,"column":6},"end":{"line":33,"column":7}},"type":"if","locations":[{"start":{"line":31,"column":6},"end":{"line":33,"column":7}},{"start":{},"end":{}}],"line":31},"6":{"loc":{"start":{"line":36,"column":6},"end":{"line":38,"column":7}},"type":"if","locations":[{"start":{"line":36,"column":6},"end":{"line":38,"column":7}},{"start":{},"end":{}}],"line":36},"7":{"loc":{"start":{"line":36,"column":10},"end":{"line":36,"column":38}},"type":"binary-expr","locations":[{"start":{"line":36,"column":10},"end":{"line":36,"column":21}},{"start":{"line":36,"column":25},"end":{"line":36,"column":38}}],"line":36},"8":{"loc":{"start":{"line":48,"column":4},"end":{"line":48,"column":30}},"type":"if","locations":[{"start":{"line":48,"column":4},"end":{"line":48,"column":30}},{"start":{},"end":{}}],"line":48},"9":{"loc":{"start":{"line":49,"column":4},"end":{"line":49,"column":47}},"type":"if","locations":[{"start":{"line":49,"column":4},"end":{"line":49,"column":47}},{"start":{},"end":{}}],"line":49},"10":{"loc":{"start":{"line":49,"column":8},"end":{"line":49,"column":38}},"type":"binary-expr","locations":[{"start":{"line":49,"column":8},"end":{"line":49,"column":25}},{"start":{"line":49,"column":29},"end":{"line":49,"column":38}}],"line":49},"11":{"loc":{"start":{"line":55,"column":4},"end":{"line":58,"column":5}},"type":"if","locations":[{"start":{"line":55,"column":4},"end":{"line":58,"column":5}},{"start":{},"end":{}}],"line":55},"12":{"loc":{"start":{"line":55,"column":8},"end":{"line":55,"column":40}},"type":"binary-expr","locations":[{"start":{"line":55,"column":8},"end":{"line":55,"column":25}},{"start":{"line":55,"column":29},"end":{"line":55,"column":40}}],"line":55},"13":{"loc":{"start":{"line":62,"column":4},"end":{"line":62,"column":30}},"type":"if","locations":[{"start":{"line":62,"column":4},"end":{"line":62,"column":30}},{"start":{},"end":{}}],"line":62},"14":{"loc":{"start":{"line":77,"column":9},"end":{"line":92,"column":9}},"type":"binary-expr","locations":[{"start":{"line":77,"column":9},"end":{"line":77,"column":30}},{"start":{"line":77,"column":34},"end":{"line":77,"column":68}},{"start":{"line":78,"column":10},"end":{"line":91,"column":16}}],"line":77},"15":{"loc":{"start":{"line":99,"column":33},"end":{"line":99,"column":73}},"type":"cond-expr","locations":[{"start":{"line":99,"column":42},"end":{"line":99,"column":55}},{"start":{"line":99,"column":58},"end":{"line":99,"column":73}}],"line":99},"16":{"loc":{"start":{"line":103,"column":18},"end":{"line":105,"column":85}},"type":"cond-expr","locations":[{"start":{"line":104,"column":22},"end":{"line":104,"column":62}},{"start":{"line":105,"column":22},"end":{"line":105,"column":85}}],"line":103},"17":{"loc":{"start":{"line":109,"column":70},"end":{"line":109,"column":112}},"type":"cond-expr","locations":[{"start":{"line":109,"column":79},"end":{"line":109,"column":94}},{"start":{"line":109,"column":97},"end":{"line":109,"column":112}}],"line":109},"18":{"loc":{"start":{"line":117,"column":9},"end":{"line":123,"column":9}},"type":"binary-expr","locations":[{"start":{"line":117,"column":9},"end":{"line":117,"column":18}},{"start":{"line":118,"column":10},"end":{"line":122,"column":16}}],"line":117},"19":{"loc":{"start":{"line":128,"column":7},"end":{"line":132,"column":7}},"type":"binary-expr","locations":[{"start":{"line":128,"column":7},"end":{"line":128,"column":12}},{"start":{"line":129,"column":8},"end":{"line":131,"column":14}}],"line":128},"20":{"loc":{"start":{"line":135,"column":7},"end":{"line":163,"column":7}},"type":"binary-expr","locations":[{"start":{"line":135,"column":7},"end":{"line":135,"column":30}},{"start":{"line":136,"column":8},"end":{"line":162,"column":14}}],"line":135},"21":{"loc":{"start":{"line":179,"column":20},"end":{"line":179,"column":50}},"type":"binary-expr","locations":[{"start":{"line":179,"column":20},"end":{"line":179,"column":29}},{"start":{"line":179,"column":33},"end":{"line":179,"column":50}}],"line":179}},"s":{"0":0,"1":0,"2":0,"3":0,"4":0,"5":0,"6":0,"7":0,"8":0,"9":0,"10":0,"11":0,"12":0,"13":0,"14":0,"15":0,"16":0,"17":0,"18":0,"19":0,"20":0,"21":0,"22":0,"23":0,"24":0,"25":0,"26":0,"27":0,"28":0,"29":0,"30":0,"31":0,"32":0,"33":0,"34":0,"35":0,"36":0,"37":0,"38":0,"39":0,"40":0,"41":0},"f":{"0":0,"1":0,"2":0,"3":0,"4":0,"5":0,"6":0,"7":0,"8":0,"9":0,"10":0,"11":0},"b":{"0":[0],"1":[0],"2":[0],"3":[0],"4":[0,0],"5":[0,0],"6":[0,0],"7":[0,0],"8":[0,0],"9":[0,0],"10":[0,0],"11":[0,0],"12":[0,0],"13":[0,0],"14":[0,0,0],"15":[0,0],"16":[0,0],"17":[0,0],"18":[0,0],"19":[0,0],"20":[0,0],"21":[0,0]}}
,"C:\\Users\\omlok\\Documents\\prompt-war\\StadiumIQ\\src\\components\\CrowdDashboard.jsx": {"path":"C:\\Users\\omlok\\Documents\\prompt-war\\StadiumIQ\\src\\components\\CrowdDashboard.jsx","statementMap":{"0":{"start":{"line":4,"column":2},"end":{"line":15,"column":3}},"1":{"start":{"line":5,"column":4},"end":{"line":14,"column":6}},"2":{"start":{"line":17,"column":23},"end":{"line":21,"column":3}},"3":{"start":{"line":18,"column":4},"end":{"line":18,"column":71}},"4":{"start":{"line":18,"column":18},"end":{"line":18,"column":71}},"5":{"start":{"line":19,"column":4},"end":{"line":19,"column":74}},"6":{"start":{"line":19,"column":18},"end":{"line":19,"column":74}},"7":{"start":{"line":20,"column":4},"end":{"line":20,"column":51}},"8":{"start":{"line":23,"column":25},"end":{"line":32,"column":3}},"9":{"start":{"line":24,"column":14},"end":{"line":24,"column":42}},"10":{"start":{"line":25,"column":4},"end":{"line":27,"column":5}},"11":{"start":{"line":26,"column":6},"end":{"line":26,"column":120}},"12":{"start":{"line":28,"column":4},"end":{"line":30,"column":5}},"13":{"start":{"line":29,"column":6},"end":{"line":29,"column":126}},"14":{"start":{"line":31,"column":4},"end":{"line":31,"column":114}},"15":{"start":{"line":35,"column":18},"end":{"line":37,"column":54}},"16":{"start":{"line":39,"column":26},"end":{"line":39,"column":42}},"17":{"start":{"line":40,"column":2},"end":{"line":40,"column":75}},"18":{"start":{"line":40,"column":37},"end":{"line":40,"column":75}},"19":{"start":{"line":41,"column":2},"end":{"line":41,"column":56}},"20":{"start":{"line":41,"column":21},"end":{"line":41,"column":56}},"21":{"start":{"line":44,"column":16},"end":{"line":49,"column":3}},"22":{"start":{"line":52,"column":19},"end":{"line":57,"column":3}},"23":{"start":{"line":60,"column":21},"end":{"line":64,"column":3}},"24":{"start":{"line":66,"column":2},"end":{"line":162,"column":4}},"25":{"start":{"line":110,"column":16},"end":{"line":114,"column":21}},"26":{"start":{"line":126,"column":12},"end":{"line":132,"column":18}},"27":{"start":{"line":151,"column":16},"end":{"line":155,"column":21}}},"fnMap":{"0":{"name":"CrowdDashboard","decl":{"start":{"line":3,"column":24},"end":{"line":3,"column":38}},"loc":{"start":{"line":3,"column":95},"end":{"line":163,"column":1}},"line":3},"1":{"name":"(anonymous_1)","decl":{"start":{"line":17,"column":23},"end":{"line":17,"column":24}},"loc":{"start":{"line":17,"column":32},"end":{"line":21,"column":3}},"line":17},"2":{"name":"(anonymous_2)","decl":{"start":{"line":23,"column":25},"end":{"line":23,"column":26}},"loc":{"start":{"line":23,"column":37},"end":{"line":32,"column":3}},"line":23},"3":{"name":"(anonymous_3)","decl":{"start":{"line":109,"column":25},"end":{"line":109,"column":26}},"loc":{"start":{"line":110,"column":16},"end":{"line":114,"column":21}},"line":110},"4":{"name":"(anonymous_4)","decl":{"start":{"line":125,"column":24},"end":{"line":125,"column":25}},"loc":{"start":{"line":126,"column":12},"end":{"line":132,"column":18}},"line":126},"5":{"name":"(anonymous_5)","decl":{"start":{"line":150,"column":30},"end":{"line":150,"column":31}},"loc":{"start":{"line":151,"column":16},"end":{"line":155,"column":21}},"line":151}},"branchMap":{"0":{"loc":{"start":{"line":4,"column":2},"end":{"line":15,"column":3}},"type":"if","locations":[{"start":{"line":4,"column":2},"end":{"line":15,"column":3}},{"start":{},"end":{}}],"line":4},"1":{"loc":{"start":{"line":18,"column":4},"end":{"line":18,"column":71}},"type":"if","locations":[{"start":{"line":18,"column":4},"end":{"line":18,"column":71}},{"start":{},"end":{}}],"line":18},"2":{"loc":{"start":{"line":19,"column":4},"end":{"line":19,"column":74}},"type":"if","locations":[{"start":{"line":19,"column":4},"end":{"line":19,"column":74}},{"start":{},"end":{}}],"line":19},"3":{"loc":{"start":{"line":24,"column":15},"end":{"line":24,"column":27}},"type":"binary-expr","locations":[{"start":{"line":24,"column":15},"end":{"line":24,"column":21}},{"start":{"line":24,"column":25},"end":{"line":24,"column":27}}],"line":24},"4":{"loc":{"start":{"line":25,"column":4},"end":{"line":27,"column":5}},"type":"if","locations":[{"start":{"line":25,"column":4},"end":{"line":27,"column":5}},{"start":{},"end":{}}],"line":25},"5":{"loc":{"start":{"line":28,"column":4},"end":{"line":30,"column":5}},"type":"if","locations":[{"start":{"line":28,"column":4},"end":{"line":30,"column":5}},{"start":{},"end":{}}],"line":28},"6":{"loc":{"start":{"line":35,"column":18},"end":{"line":37,"column":54}},"type":"cond-expr","locations":[{"start":{"line":36,"column":6},"end":{"line":36,"column":37}},{"start":{"line":37,"column":6},"end":{"line":37,"column":54}}],"line":35},"7":{"loc":{"start":{"line":37,"column":18},"end":{"line":37,"column":46}},"type":"binary-expr","locations":[{"start":{"line":37,"column":18},"end":{"line":37,"column":41}},{"start":{"line":37,"column":45},"end":{"line":37,"column":46}}],"line":37},"8":{"loc":{"start":{"line":40,"column":2},"end":{"line":40,"column":75}},"type":"if","locations":[{"start":{"line":40,"column":2},"end":{"line":40,"column":75}},{"start":{},"end":{}}],"line":40},"9":{"loc":{"start":{"line":40,"column":6},"end":{"line":40,"column":35}},"type":"binary-expr","locations":[{"start":{"line":40,"column":6},"end":{"line":40,"column":19}},{"start":{"line":40,"column":23},"end":{"line":40,"column":35}}],"line":40},"10":{"loc":{"start":{"line":41,"column":2},"end":{"line":41,"column":56}},"type":"if","locations":[{"start":{"line":41,"column":2},"end":{"line":41,"column":56}},{"start":{},"end":{}}],"line":41},"11":{"loc":{"start":{"line":44,"column":16},"end":{"line":49,"column":3}},"type":"binary-expr","locations":[{"start":{"line":44,"column":16},"end":{"line":44,"column":31}},{"start":{"line":44,"column":35},"end":{"line":49,"column":3}}],"line":44},"12":{"loc":{"start":{"line":45,"column":47},"end":{"line":45,"column":72}},"type":"binary-expr","locations":[{"start":{"line":45,"column":47},"end":{"line":45,"column":67}},{"start":{"line":45,"column":71},"end":{"line":45,"column":72}}],"line":45},"13":{"loc":{"start":{"line":45,"column":91},"end":{"line":45,"column":136}},"type":"cond-expr","locations":[{"start":{"line":45,"column":121},"end":{"line":45,"column":127}},{"start":{"line":45,"column":130},"end":{"line":45,"column":136}}],"line":45},"14":{"loc":{"start":{"line":46,"column":47},"end":{"line":46,"column":72}},"type":"binary-expr","locations":[{"start":{"line":46,"column":47},"end":{"line":46,"column":67}},{"start":{"line":46,"column":71},"end":{"line":46,"column":72}}],"line":46},"15":{"loc":{"start":{"line":46,"column":91},"end":{"line":46,"column":136}},"type":"cond-expr","locations":[{"start":{"line":46,"column":121},"end":{"line":46,"column":127}},{"start":{"line":46,"column":130},"end":{"line":46,"column":136}}],"line":46},"16":{"loc":{"start":{"line":47,"column":47},"end":{"line":47,"column":72}},"type":"binary-expr","locations":[{"start":{"line":47,"column":47},"end":{"line":47,"column":67}},{"start":{"line":47,"column":71},"end":{"line":47,"column":72}}],"line":47},"17":{"loc":{"start":{"line":47,"column":91},"end":{"line":47,"column":136}},"type":"cond-expr","locations":[{"start":{"line":47,"column":121},"end":{"line":47,"column":127}},{"start":{"line":47,"column":130},"end":{"line":47,"column":136}}],"line":47},"18":{"loc":{"start":{"line":48,"column":47},"end":{"line":48,"column":72}},"type":"binary-expr","locations":[{"start":{"line":48,"column":47},"end":{"line":48,"column":67}},{"start":{"line":48,"column":71},"end":{"line":48,"column":72}}],"line":48},"19":{"loc":{"start":{"line":48,"column":91},"end":{"line":48,"column":136}},"type":"cond-expr","locations":[{"start":{"line":48,"column":121},"end":{"line":48,"column":127}},{"start":{"line":48,"column":130},"end":{"line":48,"column":136}}],"line":48},"20":{"loc":{"start":{"line":52,"column":19},"end":{"line":57,"column":3}},"type":"binary-expr","locations":[{"start":{"line":52,"column":19},"end":{"line":52,"column":37}},{"start":{"line":52,"column":41},"end":{"line":57,"column":3}}],"line":52},"21":{"loc":{"start":{"line":53,"column":50},"end":{"line":53,"column":74}},"type":"binary-expr","locations":[{"start":{"line":53,"column":50},"end":{"line":53,"column":69}},{"start":{"line":53,"column":73},"end":{"line":53,"column":74}}],"line":53},"22":{"loc":{"start":{"line":53,"column":79},"end":{"line":53,"column":111}},"type":"binary-expr","locations":[{"start":{"line":53,"column":79},"end":{"line":53,"column":106}},{"start":{"line":53,"column":110},"end":{"line":53,"column":111}}],"line":53},"23":{"loc":{"start":{"line":54,"column":50},"end":{"line":54,"column":74}},"type":"binary-expr","locations":[{"start":{"line":54,"column":50},"end":{"line":54,"column":69}},{"start":{"line":54,"column":73},"end":{"line":54,"column":74}}],"line":54},"24":{"loc":{"start":{"line":54,"column":79},"end":{"line":54,"column":111}},"type":"binary-expr","locations":[{"start":{"line":54,"column":79},"end":{"line":54,"column":106}},{"start":{"line":54,"column":110},"end":{"line":54,"column":111}}],"line":54},"25":{"loc":{"start":{"line":55,"column":48},"end":{"line":55,"column":75}},"type":"binary-expr","locations":[{"start":{"line":55,"column":48},"end":{"line":55,"column":70}},{"start":{"line":55,"column":74},"end":{"line":55,"column":75}}],"line":55},"26":{"loc":{"start":{"line":55,"column":80},"end":{"line":55,"column":112}},"type":"binary-expr","locations":[{"start":{"line":55,"column":80},"end":{"line":55,"column":107}},{"start":{"line":55,"column":111},"end":{"line":55,"column":112}}],"line":55},"27":{"loc":{"start":{"line":56,"column":48},"end":{"line":56,"column":83}},"type":"binary-expr","locations":[{"start":{"line":56,"column":48},"end":{"line":56,"column":78}},{"start":{"line":56,"column":82},"end":{"line":56,"column":83}}],"line":56},"28":{"loc":{"start":{"line":60,"column":21},"end":{"line":64,"column":3}},"type":"binary-expr","locations":[{"start":{"line":60,"column":21},"end":{"line":60,"column":41}},{"start":{"line":60,"column":45},"end":{"line":64,"column":3}}],"line":60},"29":{"loc":{"start":{"line":61,"column":70},"end":{"line":61,"column":123}},"type":"cond-expr","locations":[{"start":{"line":61,"column":108},"end":{"line":61,"column":114}},{"start":{"line":61,"column":117},"end":{"line":61,"column":123}}],"line":61},"30":{"loc":{"start":{"line":61,"column":138},"end":{"line":61,"column":182}},"type":"cond-expr","locations":[{"start":{"line":61,"column":176},"end":{"line":61,"column":177}},{"start":{"line":61,"column":180},"end":{"line":61,"column":182}}],"line":61},"31":{"loc":{"start":{"line":63,"column":42},"end":{"line":63,"column":89}},"type":"cond-expr","locations":[{"start":{"line":63,"column":74},"end":{"line":63,"column":80}},{"start":{"line":63,"column":83},"end":{"line":63,"column":89}}],"line":63},"32":{"loc":{"start":{"line":70,"column":30},"end":{"line":70,"column":56}},"type":"binary-expr","locations":[{"start":{"line":70,"column":30},"end":{"line":70,"column":43}},{"start":{"line":70,"column":47},"end":{"line":70,"column":56}}],"line":70},"33":{"loc":{"start":{"line":81,"column":7},"end":{"line":94,"column":14}},"type":"cond-expr","locations":[{"start":{"line":82,"column":8},"end":{"line":86,"column":14}},{"start":{"line":87,"column":10},"end":{"line":94,"column":14}}],"line":81},"34":{"loc":{"start":{"line":87,"column":10},"end":{"line":94,"column":14}},"type":"cond-expr","locations":[{"start":{"line":88,"column":8},"end":{"line":93,"column":14}},{"start":{"line":94,"column":10},"end":{"line":94,"column":14}}],"line":87}},"s":{"0":0,"1":0,"2":0,"3":0,"4":0,"5":0,"6":0,"7":0,"8":0,"9":0,"10":0,"11":0,"12":0,"13":0,"14":0,"15":0,"16":0,"17":0,"18":0,"19":0,"20":0,"21":0,"22":0,"23":0,"24":0,"25":0,"26":0,"27":0},"f":{"0":0,"1":0,"2":0,"3":0,"4":0,"5":0},"b":{"0":[0,0],"1":[0,0],"2":[0,0],"3":[0,0],"4":[0,0],"5":[0,0],"6":[0,0],"7":[0,0],"8":[0,0],"9":[0,0],"10":[0,0],"11":[0,0],"12":[0,0],"13":[0,0],"14":[0,0],"15":[0,0],"16":[0,0],"17":[0,0],"18":[0,0],"19":[0,0],"20":[0,0],"21":[0,0],"22":[0,0],"23":[0,0],"24":[0,0],"25":[0,0],"26":[0,0],"27":[0,0],"28":[0,0],"29":[0,0],"30":[0,0],"31":[0,0],"32":[0,0],"33":[0,0],"34":[0,0]}}
,"C:\\Users\\omlok\\Documents\\prompt-war\\StadiumIQ\\src\\components\\CrowdToggle.jsx": {"path":"C:\\Users\\omlok\\Documents\\prompt-war\\StadiumIQ\\src\\components\\CrowdToggle.jsx","statementMap":{"0":{"start":{"line":5,"column":26},"end":{"line":5,"column":44}},"1":{"start":{"line":6,"column":40},"end":{"line":6,"column":54}},"2":{"start":{"line":7,"column":44},"end":{"line":7,"column":59}},"3":{"start":{"line":8,"column":36},"end":{"line":8,"column":51}},"4":{"start":{"line":10,"column":2},"end":{"line":26,"column":22}},"5":{"start":{"line":11,"column":4},"end":{"line":21,"column":5}},"6":{"start":{"line":12,"column":6},"end":{"line":12,"column":25}},"7":{"start":{"line":13,"column":6},"end":{"line":17,"column":9}},"8":{"start":{"line":14,"column":8},"end":{"line":16,"column":9}},"9":{"start":{"line":15,"column":10},"end":{"line":15,"column":33}},"10":{"start":{"line":19,"column":6},"end":{"line":19,"column":26}},"11":{"start":{"line":20,"column":6},"end":{"line":20,"column":23}},"12":{"start":{"line":23,"column":4},"end":{"line":25,"column":6}},"13":{"start":{"line":24,"column":6},"end":{"line":24,"column":23}},"14":{"start":{"line":28,"column":27},"end":{"line":55,"column":3}},"15":{"start":{"line":29,"column":17},"end":{"line":29,"column":34}},"16":{"start":{"line":30,"column":4},"end":{"line":30,"column":22}},"17":{"start":{"line":30,"column":15},"end":{"line":30,"column":22}},"18":{"start":{"line":32,"column":4},"end":{"line":32,"column":25}},"19":{"start":{"line":33,"column":4},"end":{"line":33,"column":28}},"20":{"start":{"line":35,"column":21},"end":{"line":35,"column":101}},"21":{"start":{"line":36,"column":4},"end":{"line":39,"column":5}},"22":{"start":{"line":37,"column":6},"end":{"line":37,"column":83}},"23":{"start":{"line":38,"column":6},"end":{"line":38,"column":13}},"24":{"start":{"line":41,"column":19},"end":{"line":41,"column":35}},"25":{"start":{"line":42,"column":4},"end":{"line":53,"column":6}},"26":{"start":{"line":43,"column":6},"end":{"line":52,"column":7}},"27":{"start":{"line":44,"column":24},"end":{"line":44,"column":43}},"28":{"start":{"line":45,"column":29},"end":{"line":45,"column":78}},"29":{"start":{"line":46,"column":8},"end":{"line":46,"column":31}},"30":{"start":{"line":47,"column":8},"end":{"line":49,"column":9}},"31":{"start":{"line":48,"column":10},"end":{"line":48,"column":38}},"32":{"start":{"line":51,"column":8},"end":{"line":51,"column":79}},"33":{"start":{"line":54,"column":4},"end":{"line":54,"column":28}},"34":{"start":{"line":57,"column":2},"end":{"line":132,"column":4}},"35":{"start":{"line":65,"column":29},"end":{"line":65,"column":46}},"36":{"start":{"line":76,"column":29},"end":{"line":76,"column":43}}},"fnMap":{"0":{"name":"CrowdToggle","decl":{"start":{"line":4,"column":24},"end":{"line":4,"column":35}},"loc":{"start":{"line":4,"column":64},"end":{"line":133,"column":1}},"line":4},"1":{"name":"(anonymous_1)","decl":{"start":{"line":10,"column":12},"end":{"line":10,"column":13}},"loc":{"start":{"line":10,"column":18},"end":{"line":26,"column":3}},"line":10},"2":{"name":"(anonymous_2)","decl":{"start":{"line":13,"column":31},"end":{"line":13,"column":32}},"loc":{"start":{"line":13,"column":44},"end":{"line":17,"column":7}},"line":13},"3":{"name":"(anonymous_3)","decl":{"start":{"line":23,"column":11},"end":{"line":23,"column":12}},"loc":{"start":{"line":23,"column":17},"end":{"line":25,"column":5}},"line":23},"4":{"name":"(anonymous_4)","decl":{"start":{"line":28,"column":27},"end":{"line":28,"column":28}},"loc":{"start":{"line":28,"column":40},"end":{"line":55,"column":3}},"line":28},"5":{"name":"(anonymous_5)","decl":{"start":{"line":42,"column":20},"end":{"line":42,"column":21}},"loc":{"start":{"line":42,"column":37},"end":{"line":53,"column":5}},"line":42},"6":{"name":"(anonymous_6)","decl":{"start":{"line":65,"column":23},"end":{"line":65,"column":24}},"loc":{"start":{"line":65,"column":29},"end":{"line":65,"column":46}},"line":65},"7":{"name":"(anonymous_7)","decl":{"start":{"line":76,"column":23},"end":{"line":76,"column":24}},"loc":{"start":{"line":76,"column":29},"end":{"line":76,"column":43}},"line":76}},"branchMap":{"0":{"loc":{"start":{"line":11,"column":4},"end":{"line":21,"column":5}},"type":"if","locations":[{"start":{"line":11,"column":4},"end":{"line":21,"column":5}},{"start":{"line":18,"column":11},"end":{"line":21,"column":5}}],"line":11},"1":{"loc":{"start":{"line":14,"column":8},"end":{"line":16,"column":9}},"type":"if","locations":[{"start":{"line":14,"column":8},"end":{"line":16,"column":9}},{"start":{},"end":{}}],"line":14},"2":{"loc":{"start":{"line":30,"column":4},"end":{"line":30,"column":22}},"type":"if","locations":[{"start":{"line":30,"column":4},"end":{"line":30,"column":22}},{"start":{},"end":{}}],"line":30},"3":{"loc":{"start":{"line":35,"column":21},"end":{"line":35,"column":101}},"type":"cond-expr","locations":[{"start":{"line":35,"column":51},"end":{"line":35,"column":57}},{"start":{"line":35,"column":60},"end":{"line":35,"column":101}}],"line":35},"4":{"loc":{"start":{"line":35,"column":60},"end":{"line":35,"column":101}},"type":"cond-expr","locations":[{"start":{"line":35,"column":89},"end":{"line":35,"column":94}},{"start":{"line":35,"column":97},"end":{"line":35,"column":101}}],"line":35},"5":{"loc":{"start":{"line":36,"column":4},"end":{"line":39,"column":5}},"type":"if","locations":[{"start":{"line":36,"column":4},"end":{"line":39,"column":5}},{"start":{},"end":{}}],"line":36},"6":{"loc":{"start":{"line":47,"column":8},"end":{"line":49,"column":9}},"type":"if","locations":[{"start":{"line":47,"column":8},"end":{"line":49,"column":9}},{"start":{},"end":{}}],"line":47},"7":{"loc":{"start":{"line":51,"column":23},"end":{"line":51,"column":77}},"type":"binary-expr","locations":[{"start":{"line":51,"column":23},"end":{"line":51,"column":34}},{"start":{"line":51,"column":38},"end":{"line":51,"column":77}}],"line":51},"8":{"loc":{"start":{"line":67,"column":16},"end":{"line":69,"column":55}},"type":"cond-expr","locations":[{"start":{"line":68,"column":20},"end":{"line":68,"column":54}},{"start":{"line":69,"column":20},"end":{"line":69,"column":55}}],"line":67},"9":{"loc":{"start":{"line":78,"column":16},"end":{"line":80,"column":55}},"type":"cond-expr","locations":[{"start":{"line":79,"column":20},"end":{"line":79,"column":54}},{"start":{"line":80,"column":20},"end":{"line":80,"column":55}}],"line":78},"10":{"loc":{"start":{"line":89,"column":7},"end":{"line":130,"column":7}},"type":"cond-expr","locations":[{"start":{"line":90,"column":8},"end":{"line":114,"column":14}},{"start":{"line":116,"column":8},"end":{"line":129,"column":14}}],"line":89},"11":{"loc":{"start":{"line":108,"column":11},"end":{"line":110,"column":11}},"type":"binary-expr","locations":[{"start":{"line":108,"column":11},"end":{"line":108,"column":22}},{"start":{"line":109,"column":12},"end":{"line":109,"column":77}}],"line":108},"12":{"loc":{"start":{"line":111,"column":11},"end":{"line":113,"column":11}},"type":"binary-expr","locations":[{"start":{"line":111,"column":11},"end":{"line":111,"column":24}},{"start":{"line":112,"column":12},"end":{"line":112,"column":110}}],"line":111},"13":{"loc":{"start":{"line":126,"column":15},"end":{"line":126,"column":61}},"type":"cond-expr","locations":[{"start":{"line":126,"column":27},"end":{"line":126,"column":43}},{"start":{"line":126,"column":46},"end":{"line":126,"column":61}}],"line":126}},"s":{"0":0,"1":0,"2":0,"3":0,"4":0,"5":0,"6":0,"7":0,"8":0,"9":0,"10":0,"11":0,"12":0,"13":0,"14":0,"15":0,"16":0,"17":0,"18":0,"19":0,"20":0,"21":0,"22":0,"23":0,"24":0,"25":0,"26":0,"27":0,"28":0,"29":0,"30":0,"31":0,"32":0,"33":0,"34":0,"35":0,"36":0},"f":{"0":0,"1":0,"2":0,"3":0,"4":0,"5":0,"6":0,"7":0},"b":{"0":[0,0],"1":[0,0],"2":[0,0],"3":[0,0],"4":[0,0],"5":[0,0],"6":[0,0],"7":[0,0],"8":[0,0],"9":[0,0],"10":[0,0],"11":[0,0],"12":[0,0],"13":[0,0]}}
,"C:\\Users\\omlok\\Documents\\prompt-war\\StadiumIQ\\src\\components\\CrowdUpload.jsx": {"path":"C:\\Users\\omlok\\Documents\\prompt-war\\StadiumIQ\\src\\components\\CrowdUpload.jsx","statementMap":{"0":{"start":{"line":6,"column":44},"end":{"line":6,"column":54}},"1":{"start":{"line":7,"column":40},"end":{"line":7,"column":52}},"2":{"start":{"line":8,"column":40},"end":{"line":8,"column":54}},"3":{"start":{"line":9,"column":34},"end":{"line":9,"column":48}},"4":{"start":{"line":10,"column":38},"end":{"line":10,"column":52}},"5":{"start":{"line":11,"column":44},"end":{"line":11,"column":56}},"6":{"start":{"line":13,"column":27},"end":{"line":52,"column":3}},"7":{"start":{"line":14,"column":17},"end":{"line":14,"column":34}},"8":{"start":{"line":15,"column":4},"end":{"line":15,"column":22}},"9":{"start":{"line":16,"column":4},"end":{"line":16,"column":24}},"10":{"start":{"line":17,"column":4},"end":{"line":17,"column":23}},"11":{"start":{"line":18,"column":4},"end":{"line":18,"column":25}},"12":{"start":{"line":19,"column":4},"end":{"line":19,"column":25}},"13":{"start":{"line":21,"column":4},"end":{"line":21,"column":22}},"14":{"start":{"line":21,"column":15},"end":{"line":21,"column":22}},"15":{"start":{"line":24,"column":20},"end":{"line":24,"column":60}},"16":{"start":{"line":25,"column":4},"end":{"line":28,"column":5}},"17":{"start":{"line":26,"column":6},"end":{"line":26,"column":51}},"18":{"start":{"line":27,"column":6},"end":{"line":27,"column":13}},"19":{"start":{"line":30,"column":19},"end":{"line":30,"column":35}},"20":{"start":{"line":31,"column":4},"end":{"line":50,"column":6}},"21":{"start":{"line":32,"column":6},"end":{"line":49,"column":7}},"22":{"start":{"line":33,"column":21},"end":{"line":33,"column":54}},"23":{"start":{"line":34,"column":45},"end":{"line":34,"column":66}},"24":{"start":{"line":36,"column":21},"end":{"line":36,"column":46}},"25":{"start":{"line":37,"column":8},"end":{"line":40,"column":9}},"26":{"start":{"line":38,"column":10},"end":{"line":38,"column":53}},"27":{"start":{"line":39,"column":10},"end":{"line":39,"column":17}},"28":{"start":{"line":42,"column":8},"end":{"line":42,"column":29}},"29":{"start":{"line":43,"column":8},"end":{"line":43,"column":35}},"30":{"start":{"line":44,"column":8},"end":{"line":46,"column":9}},"31":{"start":{"line":45,"column":10},"end":{"line":45,"column":35}},"32":{"start":{"line":48,"column":8},"end":{"line":48,"column":72}},"33":{"start":{"line":51,"column":4},"end":{"line":51,"column":35}},"34":{"start":{"line":54,"column":24},"end":{"line":66,"column":3}},"35":{"start":{"line":55,"column":4},"end":{"line":55,"column":29}},"36":{"start":{"line":55,"column":22},"end":{"line":55,"column":29}},"37":{"start":{"line":57,"column":4},"end":{"line":65,"column":5}},"38":{"start":{"line":58,"column":6},"end":{"line":58,"column":35}},"39":{"start":{"line":59,"column":20},"end":{"line":59,"column":51}},"40":{"start":{"line":60,"column":6},"end":{"line":60,"column":69}},"41":{"start":{"line":61,"column":6},"end":{"line":61,"column":27}},"42":{"start":{"line":62,"column":6},"end":{"line":62,"column":25}},"43":{"start":{"line":64,"column":6},"end":{"line":64,"column":48}},"44":{"start":{"line":68,"column":2},"end":{"line":177,"column":4}},"45":{"start":{"line":114,"column":14},"end":{"line":116,"column":18}},"46":{"start":{"line":148,"column":18},"end":{"line":169,"column":23}}},"fnMap":{"0":{"name":"CrowdUpload","decl":{"start":{"line":5,"column":24},"end":{"line":5,"column":35}},"loc":{"start":{"line":5,"column":38},"end":{"line":178,"column":1}},"line":5},"1":{"name":"(anonymous_1)","decl":{"start":{"line":13,"column":27},"end":{"line":13,"column":28}},"loc":{"start":{"line":13,"column":40},"end":{"line":52,"column":3}},"line":13},"2":{"name":"(anonymous_2)","decl":{"start":{"line":31,"column":20},"end":{"line":31,"column":21}},"loc":{"start":{"line":31,"column":29},"end":{"line":50,"column":5}},"line":31},"3":{"name":"(anonymous_3)","decl":{"start":{"line":54,"column":24},"end":{"line":54,"column":25}},"loc":{"start":{"line":54,"column":30},"end":{"line":66,"column":3}},"line":54},"4":{"name":"(anonymous_4)","decl":{"start":{"line":113,"column":31},"end":{"line":113,"column":32}},"loc":{"start":{"line":114,"column":14},"end":{"line":116,"column":18}},"line":114},"5":{"name":"(anonymous_5)","decl":{"start":{"line":147,"column":33},"end":{"line":147,"column":34}},"loc":{"start":{"line":148,"column":18},"end":{"line":169,"column":23}},"line":148}},"branchMap":{"0":{"loc":{"start":{"line":21,"column":4},"end":{"line":21,"column":22}},"type":"if","locations":[{"start":{"line":21,"column":4},"end":{"line":21,"column":22}},{"start":{},"end":{}}],"line":21},"1":{"loc":{"start":{"line":25,"column":4},"end":{"line":28,"column":5}},"type":"if","locations":[{"start":{"line":25,"column":4},"end":{"line":28,"column":5}},{"start":{},"end":{}}],"line":25},"2":{"loc":{"start":{"line":25,"column":8},"end":{"line":25,"column":47}},"type":"binary-expr","locations":[{"start":{"line":25,"column":8},"end":{"line":25,"column":26}},{"start":{"line":25,"column":30},"end":{"line":25,"column":47}}],"line":25},"3":{"loc":{"start":{"line":37,"column":8},"end":{"line":40,"column":9}},"type":"if","locations":[{"start":{"line":37,"column":8},"end":{"line":40,"column":9}},{"start":{},"end":{}}],"line":37},"4":{"loc":{"start":{"line":44,"column":8},"end":{"line":46,"column":9}},"type":"if","locations":[{"start":{"line":44,"column":8},"end":{"line":46,"column":9}},{"start":{},"end":{}}],"line":44},"5":{"loc":{"start":{"line":48,"column":20},"end":{"line":48,"column":70}},"type":"binary-expr","locations":[{"start":{"line":48,"column":20},"end":{"line":48,"column":31}},{"start":{"line":48,"column":35},"end":{"line":48,"column":70}}],"line":48},"6":{"loc":{"start":{"line":55,"column":4},"end":{"line":55,"column":29}},"type":"if","locations":[{"start":{"line":55,"column":4},"end":{"line":55,"column":29}},{"start":{},"end":{}}],"line":55},"7":{"loc":{"start":{"line":88,"column":7},"end":{"line":92,"column":7}},"type":"binary-expr","locations":[{"start":{"line":88,"column":7},"end":{"line":88,"column":19}},{"start":{"line":89,"column":8},"end":{"line":91,"column":14}}],"line":88},"8":{"loc":{"start":{"line":95,"column":7},"end":{"line":99,"column":7}},"type":"binary-expr","locations":[{"start":{"line":95,"column":7},"end":{"line":95,"column":15}},{"start":{"line":96,"column":8},"end":{"line":98,"column":14}}],"line":95},"9":{"loc":{"start":{"line":102,"column":7},"end":{"line":106,"column":7}},"type":"binary-expr","locations":[{"start":{"line":102,"column":7},"end":{"line":102,"column":17}},{"start":{"line":103,"column":8},"end":{"line":105,"column":14}}],"line":102},"10":{"loc":{"start":{"line":109,"column":7},"end":{"line":120,"column":7}},"type":"binary-expr","locations":[{"start":{"line":109,"column":7},"end":{"line":109,"column":31}},{"start":{"line":110,"column":8},"end":{"line":119,"column":14}}],"line":109},"11":{"loc":{"start":{"line":123,"column":7},"end":{"line":175,"column":7}},"type":"binary-expr","locations":[{"start":{"line":123,"column":7},"end":{"line":123,"column":29}},{"start":{"line":124,"column":8},"end":{"line":174,"column":14}}],"line":123},"12":{"loc":{"start":{"line":155,"column":23},"end":{"line":159,"column":23}},"type":"binary-expr","locations":[{"start":{"line":155,"column":23},"end":{"line":155,"column":37}},{"start":{"line":156,"column":24},"end":{"line":158,"column":31}}],"line":155}},"s":{"0":0,"1":0,"2":0,"3":0,"4":0,"5":0,"6":0,"7":0,"8":0,"9":0,"10":0,"11":0,"12":0,"13":0,"14":0,"15":0,"16":0,"17":0,"18":0,"19":0,"20":0,"21":0,"22":0,"23":0,"24":0,"25":0,"26":0,"27":0,"28":0,"29":0,"30":0,"31":0,"32":0,"33":0,"34":0,"35":0,"36":0,"37":0,"38":0,"39":0,"40":0,"41":0,"42":0,"43":0,"44":0,"45":0,"46":0},"f":{"0":0,"1":0,"2":0,"3":0,"4":0,"5":0},"b":{"0":[0,0],"1":[0,0],"2":[0,0],"3":[0,0],"4":[0,0],"5":[0,0],"6":[0,0],"7":[0,0],"8":[0,0],"9":[0,0],"10":[0,0],"11":[0,0],"12":[0,0]}}
,"C:\\Users\\omlok\\Documents\\prompt-war\\StadiumIQ\\src\\components\\Header.jsx": {"path":"C:\\Users\\omlok\\Documents\\prompt-war\\StadiumIQ\\src\\components\\Header.jsx","statementMap":{"0":{"start":{"line":5,"column":2},"end":{"line":31,"column":4}},"1":{"start":{"line":14,"column":27},"end":{"line":14,"column":58}},"2":{"start":{"line":18,"column":12},"end":{"line":20,"column":21}}},"fnMap":{"0":{"name":"Header","decl":{"start":{"line":4,"column":24},"end":{"line":4,"column":30}},"loc":{"start":{"line":4,"column":84},"end":{"line":32,"column":1}},"line":4},"1":{"name":"(anonymous_1)","decl":{"start":{"line":14,"column":20},"end":{"line":14,"column":21}},"loc":{"start":{"line":14,"column":27},"end":{"line":14,"column":58}},"line":14},"2":{"name":"(anonymous_2)","decl":{"start":{"line":17,"column":29},"end":{"line":17,"column":30}},"loc":{"start":{"line":18,"column":12},"end":{"line":20,"column":21}},"line":18}},"branchMap":{"0":{"loc":{"start":{"line":13,"column":17},"end":{"line":13,"column":41}},"type":"binary-expr","locations":[{"start":{"line":13,"column":17},"end":{"line":13,"column":35}},{"start":{"line":13,"column":39},"end":{"line":13,"column":41}}],"line":13},"1":{"loc":{"start":{"line":27,"column":34},"end":{"line":27,"column":65}},"type":"binary-expr","locations":[{"start":{"line":27,"column":34},"end":{"line":27,"column":55}},{"start":{"line":27,"column":59},"end":{"line":27,"column":65}}],"line":27}},"s":{"0":0,"1":0,"2":0},"f":{"0":0,"1":0,"2":0},"b":{"0":[0,0],"1":[0,0]}}
,"C:\\Users\\omlok\\Documents\\prompt-war\\StadiumIQ\\src\\components\\MapView.jsx": {"path":"C:\\Users\\omlok\\Documents\\prompt-war\\StadiumIQ\\src\\components\\MapView.jsx","statementMap":{"0":{"start":{"line":12,"column":0},"end":{"line":12,"column":44}},"1":{"start":{"line":13,"column":0},"end":{"line":17,"column":3}},"2":{"start":{"line":20,"column":26},"end":{"line":20,"column":38}},"3":{"start":{"line":21,"column":25},"end":{"line":21,"column":37}},"4":{"start":{"line":23,"column":2},"end":{"line":42,"column":16}},"5":{"start":{"line":24,"column":4},"end":{"line":24,"column":53}},"6":{"start":{"line":24,"column":46},"end":{"line":24,"column":53}},"7":{"start":{"line":27,"column":16},"end":{"line":27,"column":74}},"8":{"start":{"line":28,"column":4},"end":{"line":28,"column":21}},"9":{"start":{"line":28,"column":14},"end":{"line":28,"column":21}},"10":{"start":{"line":29,"column":4},"end":{"line":29,"column":33}},"11":{"start":{"line":32,"column":23},"end":{"line":32,"column":84}},"12":{"start":{"line":33,"column":24},"end":{"line":33,"column":84}},"13":{"start":{"line":36,"column":4},"end":{"line":41,"column":6}},"14":{"start":{"line":37,"column":6},"end":{"line":40,"column":7}},"15":{"start":{"line":38,"column":8},"end":{"line":38,"column":40}},"16":{"start":{"line":39,"column":8},"end":{"line":39,"column":38}},"17":{"start":{"line":44,"column":24},"end":{"line":46,"column":9}},"18":{"start":{"line":48,"column":2},"end":{"line":70,"column":4}}},"fnMap":{"0":{"name":"MapView","decl":{"start":{"line":19,"column":24},"end":{"line":19,"column":31}},"loc":{"start":{"line":19,"column":45},"end":{"line":71,"column":1}},"line":19},"1":{"name":"(anonymous_1)","decl":{"start":{"line":23,"column":12},"end":{"line":23,"column":13}},"loc":{"start":{"line":23,"column":18},"end":{"line":42,"column":3}},"line":23},"2":{"name":"(anonymous_2)","decl":{"start":{"line":36,"column":11},"end":{"line":36,"column":12}},"loc":{"start":{"line":36,"column":17},"end":{"line":41,"column":5}},"line":36}},"branchMap":{"0":{"loc":{"start":{"line":24,"column":4},"end":{"line":24,"column":53}},"type":"if","locations":[{"start":{"line":24,"column":4},"end":{"line":24,"column":53}},{"start":{},"end":{}}],"line":24},"1":{"loc":{"start":{"line":24,"column":8},"end":{"line":24,"column":44}},"type":"binary-expr","locations":[{"start":{"line":24,"column":8},"end":{"line":24,"column":16}},{"start":{"line":24,"column":20},"end":{"line":24,"column":44}}],"line":24},"2":{"loc":{"start":{"line":28,"column":4},"end":{"line":28,"column":21}},"type":"if","locations":[{"start":{"line":28,"column":4},"end":{"line":28,"column":21}},{"start":{},"end":{}}],"line":28},"3":{"loc":{"start":{"line":37,"column":6},"end":{"line":40,"column":7}},"type":"if","locations":[{"start":{"line":37,"column":6},"end":{"line":40,"column":7}},{"start":{},"end":{}}],"line":37},"4":{"loc":{"start":{"line":44,"column":24},"end":{"line":46,"column":9}},"type":"cond-expr","locations":[{"start":{"line":45,"column":6},"end":{"line":45,"column":67}},{"start":{"line":46,"column":6},"end":{"line":46,"column":9}}],"line":44},"5":{"loc":{"start":{"line":56,"column":7},"end":{"line":68,"column":7}},"type":"binary-expr","locations":[{"start":{"line":56,"column":7},"end":{"line":56,"column":14}},{"start":{"line":57,"column":8},"end":{"line":67,"column":14}}],"line":56}},"s":{"0":0,"1":0,"2":0,"3":0,"4":0,"5":0,"6":0,"7":0,"8":0,"9":0,"10":0,"11":0,"12":0,"13":0,"14":0,"15":0,"16":0,"17":0,"18":0},"f":{"0":0,"1":0,"2":0},"b":{"0":[0,0],"1":[0,0],"2":[0,0],"3":[0,0],"4":[0,0],"5":[0,0]}}
,"C:\\Users\\omlok\\Documents\\prompt-war\\StadiumIQ\\src\\components\\PersonaToggle.jsx": {"path":"C:\\Users\\omlok\\Documents\\prompt-war\\StadiumIQ\\src\\components\\PersonaToggle.jsx","statementMap":{"0":{"start":{"line":5,"column":2},"end":{"line":25,"column":4}},"1":{"start":{"line":8,"column":25},"end":{"line":8,"column":58}},"2":{"start":{"line":9,"column":8},"end":{"line":22,"column":10}},"3":{"start":{"line":12,"column":27},"end":{"line":12,"column":47}}},"fnMap":{"0":{"name":"PersonaToggle","decl":{"start":{"line":4,"column":24},"end":{"line":4,"column":37}},"loc":{"start":{"line":4,"column":68},"end":{"line":26,"column":1}},"line":4},"1":{"name":"(anonymous_1)","decl":{"start":{"line":7,"column":20},"end":{"line":7,"column":21}},"loc":{"start":{"line":7,"column":31},"end":{"line":23,"column":7}},"line":7},"2":{"name":"(anonymous_2)","decl":{"start":{"line":12,"column":21},"end":{"line":12,"column":22}},"loc":{"start":{"line":12,"column":27},"end":{"line":12,"column":47}},"line":12}},"branchMap":{"0":{"loc":{"start":{"line":14,"column":14},"end":{"line":16,"column":75}},"type":"cond-expr","locations":[{"start":{"line":15,"column":18},"end":{"line":15,"column":68}},{"start":{"line":16,"column":18},"end":{"line":16,"column":75}}],"line":14}},"s":{"0":0,"1":0,"2":0,"3":0},"f":{"0":0,"1":0,"2":0},"b":{"0":[0,0]}}
,"C:\\Users\\omlok\\Documents\\prompt-war\\StadiumIQ\\src\\constants\\personas.js": {"path":"C:\\Users\\omlok\\Documents\\prompt-war\\StadiumIQ\\src\\constants\\personas.js","statementMap":{"0":{"start":{"line":1,"column":24},"end":{"line":30,"column":1}},"1":{"start":{"line":32,"column":31},"end":{"line":32,"column":42}}},"fnMap":{},"branchMap":{},"s":{"0":0,"1":0},"f":{},"b":{}}
,"C:\\Users\\omlok\\Documents\\prompt-war\\StadiumIQ\\src\\constants\\stadiums.js": {"path":"C:\\Users\\omlok\\Documents\\prompt-war\\StadiumIQ\\src\\constants\\stadiums.js","statementMap":{"0":{"start":{"line":1,"column":29},"end":{"line":128,"column":1}},"1":{"start":{"line":130,"column":31},"end":{"line":130,"column":47}}},"fnMap":{},"branchMap":{},"s":{"0":0,"1":0},"f":{},"b":{}}
,"C:\\Users\\omlok\\Documents\\prompt-war\\StadiumIQ\\src\\context\\CrowdContext.jsx": {"path":"C:\\Users\\omlok\\Documents\\prompt-war\\StadiumIQ\\src\\context\\CrowdContext.jsx","statementMap":{"0":{"start":{"line":3,"column":21},"end":{"line":3,"column":36}},"1":{"start":{"line":6,"column":36},"end":{"line":17,"column":4}},"2":{"start":{"line":7,"column":4},"end":{"line":15,"column":5}},"3":{"start":{"line":8,"column":21},"end":{"line":8,"column":65}},"4":{"start":{"line":9,"column":6},"end":{"line":11,"column":7}},"5":{"start":{"line":10,"column":8},"end":{"line":10,"column":34}},"6":{"start":{"line":13,"column":6},"end":{"line":13,"column":75}},"7":{"start":{"line":14,"column":6},"end":{"line":14,"column":54}},"8":{"start":{"line":16,"column":4},"end":{"line":16,"column":14}},"9":{"start":{"line":19,"column":42},"end":{"line":19,"column":56}},"10":{"start":{"line":21,"column":26},"end":{"line":33,"column":3}},"11":{"start":{"line":22,"column":4},"end":{"line":32,"column":7}},"12":{"start":{"line":23,"column":22},"end":{"line":23,"column":48}},"13":{"start":{"line":24,"column":6},"end":{"line":30,"column":7}},"14":{"start":{"line":25,"column":8},"end":{"line":25,"column":78}},"15":{"start":{"line":26,"column":8},"end":{"line":26,"column":30}},"16":{"start":{"line":28,"column":8},"end":{"line":28,"column":85}},"17":{"start":{"line":29,"column":8},"end":{"line":29,"column":94}},"18":{"start":{"line":31,"column":6},"end":{"line":31,"column":21}},"19":{"start":{"line":35,"column":24},"end":{"line":37,"column":3}},"20":{"start":{"line":36,"column":4},"end":{"line":36,"column":38}},"21":{"start":{"line":39,"column":2},"end":{"line":43,"column":4}},"22":{"start":{"line":47,"column":18},"end":{"line":47,"column":42}},"23":{"start":{"line":48,"column":2},"end":{"line":50,"column":3}},"24":{"start":{"line":49,"column":4},"end":{"line":49,"column":68}},"25":{"start":{"line":51,"column":2},"end":{"line":51,"column":17}}},"fnMap":{"0":{"name":"CrowdProvider","decl":{"start":{"line":5,"column":16},"end":{"line":5,"column":29}},"loc":{"start":{"line":5,"column":44},"end":{"line":44,"column":1}},"line":5},"1":{"name":"(anonymous_1)","decl":{"start":{"line":6,"column":45},"end":{"line":6,"column":46}},"loc":{"start":{"line":6,"column":51},"end":{"line":17,"column":3}},"line":6},"2":{"name":"(anonymous_2)","decl":{"start":{"line":21,"column":26},"end":{"line":21,"column":27}},"loc":{"start":{"line":21,"column":42},"end":{"line":33,"column":3}},"line":21},"3":{"name":"(anonymous_3)","decl":{"start":{"line":22,"column":17},"end":{"line":22,"column":18}},"loc":{"start":{"line":22,"column":25},"end":{"line":32,"column":5}},"line":22},"4":{"name":"(anonymous_4)","decl":{"start":{"line":35,"column":24},"end":{"line":35,"column":25}},"loc":{"start":{"line":35,"column":37},"end":{"line":37,"column":3}},"line":35},"5":{"name":"useCrowd","decl":{"start":{"line":46,"column":16},"end":{"line":46,"column":24}},"loc":{"start":{"line":46,"column":27},"end":{"line":52,"column":1}},"line":46}},"branchMap":{"0":{"loc":{"start":{"line":9,"column":6},"end":{"line":11,"column":7}},"type":"if","locations":[{"start":{"line":9,"column":6},"end":{"line":11,"column":7}},{"start":{},"end":{}}],"line":9},"1":{"loc":{"start":{"line":36,"column":11},"end":{"line":36,"column":37}},"type":"binary-expr","locations":[{"start":{"line":36,"column":11},"end":{"line":36,"column":29}},{"start":{"line":36,"column":33},"end":{"line":36,"column":37}}],"line":36},"2":{"loc":{"start":{"line":48,"column":2},"end":{"line":50,"column":3}},"type":"if","locations":[{"start":{"line":48,"column":2},"end":{"line":50,"column":3}},{"start":{},"end":{}}],"line":48}},"s":{"0":1,"1":0,"2":0,"3":0,"4":0,"5":0,"6":0,"7":0,"8":0,"9":0,"10":0,"11":0,"12":0,"13":0,"14":0,"15":0,"16":0,"17":0,"18":0,"19":0,"20":0,"21":0,"22":0,"23":0,"24":0,"25":0},"f":{"0":0,"1":0,"2":0,"3":0,"4":0,"5":0},"b":{"0":[0,0],"1":[0,0],"2":[0,0]},"_coverageSchema":"1a1c01bbd47fc00a2c39e90264f33305004495a9","hash":"e9d18b301997729f642d10abfb229adccbd7daf0"}
,"C:\\Users\\omlok\\Documents\\prompt-war\\StadiumIQ\\src\\hooks\\useAssistant.js": {"path":"C:\\Users\\omlok\\Documents\\prompt-war\\StadiumIQ\\src\\hooks\\useAssistant.js","statementMap":{"0":{"start":{"line":13,"column":34},"end":{"line":13,"column":46}},"1":{"start":{"line":14,"column":36},"end":{"line":14,"column":51}},"2":{"start":{"line":15,"column":28},"end":{"line":15,"column":42}},"3":{"start":{"line":16,"column":46},"end":{"line":16,"column":71}},"4":{"start":{"line":17,"column":46},"end":{"line":17,"column":71}},"5":{"start":{"line":18,"column":36},"end":{"line":18,"column":50}},"6":{"start":{"line":19,"column":64},"end":{"line":19,"column":79}},"7":{"start":{"line":21,"column":42},"end":{"line":21,"column":54}},"8":{"start":{"line":22,"column":50},"end":{"line":22,"column":65}},"9":{"start":{"line":24,"column":36},"end":{"line":24,"column":46}},"10":{"start":{"line":26,"column":27},"end":{"line":39,"column":3}},"11":{"start":{"line":28,"column":4},"end":{"line":31,"column":5}},"12":{"start":{"line":29,"column":6},"end":{"line":29,"column":50}},"13":{"start":{"line":30,"column":6},"end":{"line":30,"column":13}},"14":{"start":{"line":33,"column":4},"end":{"line":38,"column":5}},"15":{"start":{"line":34,"column":19},"end":{"line":34,"column":56}},"16":{"start":{"line":35,"column":6},"end":{"line":35,"column":25}},"17":{"start":{"line":37,"column":6},"end":{"line":37,"column":56}},"18":{"start":{"line":41,"column":2},"end":{"line":62,"column":35}},"19":{"start":{"line":42,"column":4},"end":{"line":42,"column":23}},"20":{"start":{"line":43,"column":4},"end":{"line":43,"column":103}},"21":{"start":{"line":46,"column":4},"end":{"line":46,"column":24}},"22":{"start":{"line":47,"column":4},"end":{"line":47,"column":30}},"23":{"start":{"line":49,"column":23},"end":{"line":49,"column":76}},"24":{"start":{"line":50,"column":4},"end":{"line":61,"column":5}},"25":{"start":{"line":51,"column":6},"end":{"line":54,"column":51}},"26":{"start":{"line":52,"column":25},"end":{"line":52,"column":49}},"27":{"start":{"line":53,"column":22},"end":{"line":53,"column":76}},"28":{"start":{"line":54,"column":23},"end":{"line":54,"column":49}},"29":{"start":{"line":56,"column":6},"end":{"line":60,"column":51}},"30":{"start":{"line":57,"column":23},"end":{"line":57,"column":66}},"31":{"start":{"line":58,"column":25},"end":{"line":58,"column":49}},"32":{"start":{"line":59,"column":22},"end":{"line":59,"column":76}},"33":{"start":{"line":60,"column":23},"end":{"line":60,"column":49}},"34":{"start":{"line":64,"column":22},"end":{"line":140,"column":3}},"35":{"start":{"line":65,"column":20},"end":{"line":70,"column":5}},"36":{"start":{"line":72,"column":4},"end":{"line":72,"column":44}},"37":{"start":{"line":72,"column":24},"end":{"line":72,"column":42}},"38":{"start":{"line":73,"column":4},"end":{"line":73,"column":102}},"39":{"start":{"line":76,"column":4},"end":{"line":86,"column":76}},"40":{"start":{"line":77,"column":6},"end":{"line":85,"column":7}},"41":{"start":{"line":78,"column":8},"end":{"line":82,"column":11}},"42":{"start":{"line":84,"column":8},"end":{"line":84,"column":73}},"43":{"start":{"line":86,"column":20},"end":{"line":86,"column":74}},"44":{"start":{"line":89,"column":4},"end":{"line":98,"column":5}},"45":{"start":{"line":90,"column":26},"end":{"line":95,"column":7}},"46":{"start":{"line":96,"column":6},"end":{"line":96,"column":50}},"47":{"start":{"line":96,"column":26},"end":{"line":96,"column":48}},"48":{"start":{"line":97,"column":6},"end":{"line":97,"column":13}},"49":{"start":{"line":100,"column":4},"end":{"line":100,"column":23}},"50":{"start":{"line":101,"column":4},"end":{"line":101,"column":19}},"51":{"start":{"line":102,"column":4},"end":{"line":102,"column":38}},"52":{"start":{"line":105,"column":26},"end":{"line":105,"column":93}},"53":{"start":{"line":107,"column":4},"end":{"line":139,"column":5}},"54":{"start":{"line":108,"column":26},"end":{"line":116,"column":7}},"55":{"start":{"line":110,"column":29},"end":{"line":112,"column":25}},"56":{"start":{"line":111,"column":10},"end":{"line":111,"column":62}},"57":{"start":{"line":114,"column":10},"end":{"line":114,"column":62}},"58":{"start":{"line":119,"column":6},"end":{"line":121,"column":7}},"59":{"start":{"line":120,"column":8},"end":{"line":120,"column":71}},"60":{"start":{"line":123,"column":27},"end":{"line":128,"column":7}},"61":{"start":{"line":129,"column":6},"end":{"line":129,"column":51}},"62":{"start":{"line":129,"column":26},"end":{"line":129,"column":49}},"63":{"start":{"line":130,"column":6},"end":{"line":130,"column":21}},"64":{"start":{"line":132,"column":6},"end":{"line":136,"column":7}},"65":{"start":{"line":133,"column":8},"end":{"line":133,"column":41}},"66":{"start":{"line":135,"column":8},"end":{"line":135,"column":53}},"67":{"start":{"line":138,"column":6},"end":{"line":138,"column":26}},"68":{"start":{"line":142,"column":24},"end":{"line":146,"column":3}},"69":{"start":{"line":143,"column":4},"end":{"line":143,"column":20}},"70":{"start":{"line":144,"column":4},"end":{"line":144,"column":19}},"71":{"start":{"line":145,"column":4},"end":{"line":145,"column":38}},"72":{"start":{"line":148,"column":24},"end":{"line":154,"column":3}},"73":{"start":{"line":149,"column":18},"end":{"line":149,"column":56}},"74":{"start":{"line":149,"column":37},"end":{"line":149,"column":55}},"75":{"start":{"line":150,"column":4},"end":{"line":153,"column":5}},"76":{"start":{"line":151,"column":6},"end":{"line":151,"column":31}},"77":{"start":{"line":152,"column":6},"end":{"line":152,"column":22}},"78":{"start":{"line":156,"column":24},"end":{"line":162,"column":3}},"79":{"start":{"line":157,"column":18},"end":{"line":157,"column":61}},"80":{"start":{"line":157,"column":42},"end":{"line":157,"column":60}},"81":{"start":{"line":158,"column":4},"end":{"line":161,"column":5}},"82":{"start":{"line":159,"column":6},"end":{"line":159,"column":31}},"83":{"start":{"line":160,"column":6},"end":{"line":160,"column":22}},"84":{"start":{"line":164,"column":2},"end":{"line":180,"column":4}}},"fnMap":{"0":{"name":"useAssistant","decl":{"start":{"line":12,"column":24},"end":{"line":12,"column":36}},"loc":{"start":{"line":12,"column":39},"end":{"line":181,"column":1}},"line":12},"1":{"name":"(anonymous_1)","decl":{"start":{"line":26,"column":27},"end":{"line":26,"column":28}},"loc":{"start":{"line":26,"column":39},"end":{"line":39,"column":3}},"line":26},"2":{"name":"(anonymous_2)","decl":{"start":{"line":41,"column":12},"end":{"line":41,"column":13}},"loc":{"start":{"line":41,"column":18},"end":{"line":62,"column":3}},"line":41},"3":{"name":"(anonymous_3)","decl":{"start":{"line":52,"column":14},"end":{"line":52,"column":15}},"loc":{"start":{"line":52,"column":25},"end":{"line":52,"column":49}},"line":52},"4":{"name":"(anonymous_4)","decl":{"start":{"line":53,"column":15},"end":{"line":53,"column":16}},"loc":{"start":{"line":53,"column":22},"end":{"line":53,"column":76}},"line":53},"5":{"name":"(anonymous_5)","decl":{"start":{"line":54,"column":17},"end":{"line":54,"column":18}},"loc":{"start":{"line":54,"column":23},"end":{"line":54,"column":49}},"line":54},"6":{"name":"(anonymous_6)","decl":{"start":{"line":57,"column":14},"end":{"line":57,"column":15}},"loc":{"start":{"line":57,"column":23},"end":{"line":57,"column":66}},"line":57},"7":{"name":"(anonymous_7)","decl":{"start":{"line":58,"column":14},"end":{"line":58,"column":15}},"loc":{"start":{"line":58,"column":25},"end":{"line":58,"column":49}},"line":58},"8":{"name":"(anonymous_8)","decl":{"start":{"line":59,"column":15},"end":{"line":59,"column":16}},"loc":{"start":{"line":59,"column":22},"end":{"line":59,"column":76}},"line":59},"9":{"name":"(anonymous_9)","decl":{"start":{"line":60,"column":17},"end":{"line":60,"column":18}},"loc":{"start":{"line":60,"column":23},"end":{"line":60,"column":49}},"line":60},"10":{"name":"(anonymous_10)","decl":{"start":{"line":64,"column":22},"end":{"line":64,"column":23}},"loc":{"start":{"line":64,"column":42},"end":{"line":140,"column":3}},"line":64},"11":{"name":"(anonymous_11)","decl":{"start":{"line":72,"column":16},"end":{"line":72,"column":17}},"loc":{"start":{"line":72,"column":24},"end":{"line":72,"column":42}},"line":72},"12":{"name":"(anonymous_12)","decl":{"start":{"line":76,"column":37},"end":{"line":76,"column":38}},"loc":{"start":{"line":76,"column":58},"end":{"line":86,"column":5}},"line":76},"13":{"name":"(anonymous_13)","decl":{"start":{"line":86,"column":13},"end":{"line":86,"column":14}},"loc":{"start":{"line":86,"column":20},"end":{"line":86,"column":74}},"line":86},"14":{"name":"(anonymous_14)","decl":{"start":{"line":96,"column":18},"end":{"line":96,"column":19}},"loc":{"start":{"line":96,"column":26},"end":{"line":96,"column":48}},"line":96},"15":{"name":"(anonymous_15)","decl":{"start":{"line":110,"column":8},"end":{"line":110,"column":9}},"loc":{"start":{"line":110,"column":29},"end":{"line":112,"column":25}},"line":110},"16":{"name":"(anonymous_16)","decl":{"start":{"line":110,"column":99},"end":{"line":110,"column":100}},"loc":{"start":{"line":110,"column":112},"end":{"line":112,"column":9}},"line":110},"17":{"name":"(anonymous_17)","decl":{"start":{"line":113,"column":8},"end":{"line":113,"column":9}},"loc":{"start":{"line":113,"column":21},"end":{"line":115,"column":9}},"line":113},"18":{"name":"(anonymous_18)","decl":{"start":{"line":129,"column":18},"end":{"line":129,"column":19}},"loc":{"start":{"line":129,"column":26},"end":{"line":129,"column":49}},"line":129},"19":{"name":"(anonymous_19)","decl":{"start":{"line":142,"column":24},"end":{"line":142,"column":25}},"loc":{"start":{"line":142,"column":30},"end":{"line":146,"column":3}},"line":142},"20":{"name":"(anonymous_20)","decl":{"start":{"line":148,"column":24},"end":{"line":148,"column":25}},"loc":{"start":{"line":148,"column":39},"end":{"line":154,"column":3}},"line":148},"21":{"name":"(anonymous_21)","decl":{"start":{"line":149,"column":32},"end":{"line":149,"column":33}},"loc":{"start":{"line":149,"column":37},"end":{"line":149,"column":55}},"line":149},"22":{"name":"(anonymous_22)","decl":{"start":{"line":156,"column":24},"end":{"line":156,"column":25}},"loc":{"start":{"line":156,"column":39},"end":{"line":162,"column":3}},"line":156},"23":{"name":"(anonymous_23)","decl":{"start":{"line":157,"column":37},"end":{"line":157,"column":38}},"loc":{"start":{"line":157,"column":42},"end":{"line":157,"column":60}},"line":157}},"branchMap":{"0":{"loc":{"start":{"line":28,"column":4},"end":{"line":31,"column":5}},"type":"if","locations":[{"start":{"line":28,"column":4},"end":{"line":31,"column":5}},{"start":{},"end":{}}],"line":28},"1":{"loc":{"start":{"line":28,"column":8},"end":{"line":28,"column":51}},"type":"binary-expr","locations":[{"start":{"line":28,"column":8},"end":{"line":28,"column":18}},{"start":{"line":28,"column":22},"end":{"line":28,"column":51}}],"line":28},"2":{"loc":{"start":{"line":49,"column":23},"end":{"line":49,"column":76}},"type":"binary-expr","locations":[{"start":{"line":49,"column":24},"end":{"line":49,"column":34}},{"start":{"line":49,"column":38},"end":{"line":49,"column":67}},{"start":{"line":49,"column":72},"end":{"line":49,"column":76}}],"line":49},"3":{"loc":{"start":{"line":50,"column":4},"end":{"line":61,"column":5}},"type":"if","locations":[{"start":{"line":50,"column":4},"end":{"line":61,"column":5}},{"start":{"line":55,"column":11},"end":{"line":61,"column":5}}],"line":50},"4":{"loc":{"start":{"line":89,"column":4},"end":{"line":98,"column":5}},"type":"if","locations":[{"start":{"line":89,"column":4},"end":{"line":98,"column":5}},{"start":{},"end":{}}],"line":89},"5":{"loc":{"start":{"line":105,"column":26},"end":{"line":105,"column":93}},"type":"binary-expr","locations":[{"start":{"line":105,"column":27},"end":{"line":105,"column":37}},{"start":{"line":105,"column":41},"end":{"line":105,"column":86}},{"start":{"line":105,"column":91},"end":{"line":105,"column":93}}],"line":105},"6":{"loc":{"start":{"line":119,"column":6},"end":{"line":121,"column":7}},"type":"if","locations":[{"start":{"line":119,"column":6},"end":{"line":121,"column":7}},{"start":{},"end":{}}],"line":119},"7":{"loc":{"start":{"line":132,"column":6},"end":{"line":136,"column":7}},"type":"if","locations":[{"start":{"line":132,"column":6},"end":{"line":136,"column":7}},{"start":{"line":134,"column":13},"end":{"line":136,"column":7}}],"line":132},"8":{"loc":{"start":{"line":135,"column":17},"end":{"line":135,"column":51}},"type":"binary-expr","locations":[{"start":{"line":135,"column":17},"end":{"line":135,"column":28}},{"start":{"line":135,"column":32},"end":{"line":135,"column":51}}],"line":135},"9":{"loc":{"start":{"line":150,"column":4},"end":{"line":153,"column":5}},"type":"if","locations":[{"start":{"line":150,"column":4},"end":{"line":153,"column":5}},{"start":{},"end":{}}],"line":150},"10":{"loc":{"start":{"line":158,"column":4},"end":{"line":161,"column":5}},"type":"if","locations":[{"start":{"line":158,"column":4},"end":{"line":161,"column":5}},{"start":{},"end":{}}],"line":158}},"s":{"0":0,"1":0,"2":0,"3":0,"4":0,"5":0,"6":0,"7":0,"8":0,"9":0,"10":0,"11":0,"12":0,"13":0,"14":0,"15":0,"16":0,"17":0,"18":0,"19":0,"20":0,"21":0,"22":0,"23":0,"24":0,"25":0,"26":0,"27":0,"28":0,"29":0,"30":0,"31":0,"32":0,"33":0,"34":0,"35":0,"36":0,"37":0,"38":0,"39":0,"40":0,"41":0,"42":0,"43":0,"44":0,"45":0,"46":0,"47":0,"48":0,"49":0,"50":0,"51":0,"52":0,"53":0,"54":0,"55":0,"56":0,"57":0,"58":0,"59":0,"60":0,"61":0,"62":0,"63":0,"64":0,"65":0,"66":0,"67":0,"68":0,"69":0,"70":0,"71":0,"72":0,"73":0,"74":0,"75":0,"76":0,"77":0,"78":0,"79":0,"80":0,"81":0,"82":0,"83":0,"84":0},"f":{"0":0,"1":0,"2":0,"3":0,"4":0,"5":0,"6":0,"7":0,"8":0,"9":0,"10":0,"11":0,"12":0,"13":0,"14":0,"15":0,"16":0,"17":0,"18":0,"19":0,"20":0,"21":0,"22":0,"23":0},"b":{"0":[0,0],"1":[0,0],"2":[0,0,0],"3":[0,0],"4":[0,0],"5":[0,0,0],"6":[0,0],"7":[0,0],"8":[0,0],"9":[0,0],"10":[0,0]}}
,"C:\\Users\\omlok\\Documents\\prompt-war\\StadiumIQ\\src\\services\\CrowdParser.js": {"path":"C:\\Users\\omlok\\Documents\\prompt-war\\StadiumIQ\\src\\services\\CrowdParser.js","statementMap":{"0":{"start":{"line":4,"column":19},"end":{"line":4,"column":59}},"1":{"start":{"line":5,"column":25},"end":{"line":5,"column":47}},"2":{"start":{"line":6,"column":16},"end":{"line":6,"column":47}},"3":{"start":{"line":9,"column":15},"end":{"line":9,"column":61}},"4":{"start":{"line":10,"column":2},"end":{"line":12,"column":3}},"5":{"start":{"line":11,"column":4},"end":{"line":11,"column":51}},"6":{"start":{"line":14,"column":18},"end":{"line":14,"column":63}},"7":{"start":{"line":14,"column":35},"end":{"line":14,"column":62}},"8":{"start":{"line":15,"column":19},"end":{"line":15,"column":32}},"9":{"start":{"line":17,"column":21},"end":{"line":17,"column":23}},"10":{"start":{"line":18,"column":17},"end":{"line":18,"column":19}},"11":{"start":{"line":20,"column":2},"end":{"line":112,"column":5}},"12":{"start":{"line":22,"column":4},"end":{"line":24,"column":5}},"13":{"start":{"line":22,"column":54},"end":{"line":22,"column":104}},"14":{"start":{"line":23,"column":6},"end":{"line":23,"column":13}},"15":{"start":{"line":27,"column":19},"end":{"line":27,"column":21}},"16":{"start":{"line":28,"column":4},"end":{"line":30,"column":7}},"17":{"start":{"line":29,"column":6},"end":{"line":29,"column":35}},"18":{"start":{"line":32,"column":21},"end":{"line":32,"column":83}},"19":{"start":{"line":33,"column":4},"end":{"line":36,"column":5}},"20":{"start":{"line":34,"column":6},"end":{"line":34,"column":72}},"21":{"start":{"line":35,"column":6},"end":{"line":35,"column":13}},"22":{"start":{"line":39,"column":24},"end":{"line":39,"column":59}},"23":{"start":{"line":40,"column":4},"end":{"line":44,"column":5}},"24":{"start":{"line":41,"column":6},"end":{"line":41,"column":26}},"25":{"start":{"line":42,"column":11},"end":{"line":44,"column":5}},"26":{"start":{"line":43,"column":6},"end":{"line":43,"column":42}},"27":{"start":{"line":47,"column":25},"end":{"line":47,"column":60}},"28":{"start":{"line":48,"column":32},"end":{"line":50,"column":10}},"29":{"start":{"line":49,"column":52},"end":{"line":49,"column":60}},"30":{"start":{"line":53,"column":26},"end":{"line":53,"column":65}},"31":{"start":{"line":54,"column":4},"end":{"line":58,"column":5}},"32":{"start":{"line":55,"column":6},"end":{"line":55,"column":26}},"33":{"start":{"line":57,"column":6},"end":{"line":57,"column":67}},"34":{"start":{"line":61,"column":25},"end":{"line":61,"column":117}},"35":{"start":{"line":62,"column":4},"end":{"line":62,"column":49}},"36":{"start":{"line":62,"column":25},"end":{"line":62,"column":49}},"37":{"start":{"line":65,"column":30},"end":{"line":65,"column":76}},"38":{"start":{"line":66,"column":22},"end":{"line":66,"column":60}},"39":{"start":{"line":67,"column":22},"end":{"line":67,"column":60}},"40":{"start":{"line":68,"column":25},"end":{"line":68,"column":66}},"41":{"start":{"line":70,"column":22},"end":{"line":70,"column":58}},"42":{"start":{"line":71,"column":23},"end":{"line":71,"column":52}},"43":{"start":{"line":73,"column":17},"end":{"line":98,"column":5}},"44":{"start":{"line":101,"column":34},"end":{"line":101,"column":65}},"45":{"start":{"line":102,"column":30},"end":{"line":102,"column":102}},"46":{"start":{"line":104,"column":4},"end":{"line":109,"column":36}},"47":{"start":{"line":111,"column":4},"end":{"line":111,"column":32}},"48":{"start":{"line":114,"column":2},"end":{"line":114,"column":38}}},"fnMap":{"0":{"name":"parseCrowdExcel","decl":{"start":{"line":3,"column":16},"end":{"line":3,"column":31}},"loc":{"start":{"line":3,"column":44},"end":{"line":115,"column":1}},"line":3},"1":{"name":"(anonymous_1)","decl":{"start":{"line":14,"column":30},"end":{"line":14,"column":31}},"loc":{"start":{"line":14,"column":35},"end":{"line":14,"column":62}},"line":14},"2":{"name":"(anonymous_2)","decl":{"start":{"line":20,"column":19},"end":{"line":20,"column":20}},"loc":{"start":{"line":20,"column":35},"end":{"line":112,"column":3}},"line":20},"3":{"name":"(anonymous_3)","decl":{"start":{"line":22,"column":46},"end":{"line":22,"column":47}},"loc":{"start":{"line":22,"column":54},"end":{"line":22,"column":104}},"line":22},"4":{"name":"(anonymous_4)","decl":{"start":{"line":28,"column":20},"end":{"line":28,"column":21}},"loc":{"start":{"line":28,"column":40},"end":{"line":30,"column":5}},"line":28},"5":{"name":"(anonymous_5)","decl":{"start":{"line":49,"column":47},"end":{"line":49,"column":48}},"loc":{"start":{"line":49,"column":52},"end":{"line":49,"column":60}},"line":49}},"branchMap":{"0":{"loc":{"start":{"line":10,"column":2},"end":{"line":12,"column":3}},"type":"if","locations":[{"start":{"line":10,"column":2},"end":{"line":12,"column":3}},{"start":{},"end":{}}],"line":10},"1":{"loc":{"start":{"line":10,"column":6},"end":{"line":10,"column":31}},"type":"binary-expr","locations":[{"start":{"line":10,"column":6},"end":{"line":10,"column":11}},{"start":{"line":10,"column":15},"end":{"line":10,"column":31}}],"line":10},"2":{"loc":{"start":{"line":14,"column":36},"end":{"line":14,"column":43}},"type":"binary-expr","locations":[{"start":{"line":14,"column":36},"end":{"line":14,"column":37}},{"start":{"line":14,"column":41},"end":{"line":14,"column":43}}],"line":14},"3":{"loc":{"start":{"line":22,"column":4},"end":{"line":24,"column":5}},"type":"if","locations":[{"start":{"line":22,"column":4},"end":{"line":24,"column":5}},{"start":{},"end":{}}],"line":22},"4":{"loc":{"start":{"line":22,"column":8},"end":{"line":22,"column":105}},"type":"binary-expr","locations":[{"start":{"line":22,"column":8},"end":{"line":22,"column":12}},{"start":{"line":22,"column":16},"end":{"line":22,"column":32}},{"start":{"line":22,"column":36},"end":{"line":22,"column":105}}],"line":22},"5":{"loc":{"start":{"line":22,"column":54},"end":{"line":22,"column":104}},"type":"binary-expr","locations":[{"start":{"line":22,"column":54},"end":{"line":22,"column":67}},{"start":{"line":22,"column":71},"end":{"line":22,"column":89}},{"start":{"line":22,"column":93},"end":{"line":22,"column":104}}],"line":22},"6":{"loc":{"start":{"line":32,"column":21},"end":{"line":32,"column":83}},"type":"cond-expr","locations":[{"start":{"line":32,"column":42},"end":{"line":32,"column":78}},{"start":{"line":32,"column":81},"end":{"line":32,"column":83}}],"line":32},"7":{"loc":{"start":{"line":33,"column":4},"end":{"line":36,"column":5}},"type":"if","locations":[{"start":{"line":33,"column":4},"end":{"line":36,"column":5}},{"start":{},"end":{}}],"line":33},"8":{"loc":{"start":{"line":40,"column":4},"end":{"line":44,"column":5}},"type":"if","locations":[{"start":{"line":40,"column":4},"end":{"line":44,"column":5}},{"start":{"line":42,"column":11},"end":{"line":44,"column":5}}],"line":40},"9":{"loc":{"start":{"line":42,"column":11},"end":{"line":44,"column":5}},"type":"if","locations":[{"start":{"line":42,"column":11},"end":{"line":44,"column":5}},{"start":{},"end":{}}],"line":42},"10":{"loc":{"start":{"line":47,"column":25},"end":{"line":47,"column":60}},"type":"binary-expr","locations":[{"start":{"line":47,"column":25},"end":{"line":47,"column":54}},{"start":{"line":47,"column":58},"end":{"line":47,"column":60}}],"line":47},"11":{"loc":{"start":{"line":48,"column":32},"end":{"line":50,"column":10}},"type":"cond-expr","locations":[{"start":{"line":49,"column":8},"end":{"line":49,"column":77}},{"start":{"line":50,"column":8},"end":{"line":50,"column":10}}],"line":48},"12":{"loc":{"start":{"line":54,"column":4},"end":{"line":58,"column":5}},"type":"if","locations":[{"start":{"line":54,"column":4},"end":{"line":58,"column":5}},{"start":{"line":56,"column":11},"end":{"line":58,"column":5}}],"line":54},"13":{"loc":{"start":{"line":61,"column":25},"end":{"line":61,"column":117}},"type":"cond-expr","locations":[{"start":{"line":61,"column":52},"end":{"line":61,"column":108}},{"start":{"line":61,"column":111},"end":{"line":61,"column":117}}],"line":61},"14":{"loc":{"start":{"line":62,"column":4},"end":{"line":62,"column":49}},"type":"if","locations":[{"start":{"line":62,"column":4},"end":{"line":62,"column":49}},{"start":{},"end":{}}],"line":62},"15":{"loc":{"start":{"line":65,"column":30},"end":{"line":65,"column":76}},"type":"binary-expr","locations":[{"start":{"line":65,"column":30},"end":{"line":65,"column":71}},{"start":{"line":65,"column":75},"end":{"line":65,"column":76}}],"line":65},"16":{"loc":{"start":{"line":66,"column":22},"end":{"line":66,"column":60}},"type":"binary-expr","locations":[{"start":{"line":66,"column":22},"end":{"line":66,"column":55}},{"start":{"line":66,"column":59},"end":{"line":66,"column":60}}],"line":66},"17":{"loc":{"start":{"line":67,"column":22},"end":{"line":67,"column":60}},"type":"binary-expr","locations":[{"start":{"line":67,"column":22},"end":{"line":67,"column":55}},{"start":{"line":67,"column":59},"end":{"line":67,"column":60}}],"line":67},"18":{"loc":{"start":{"line":68,"column":25},"end":{"line":68,"column":66}},"type":"binary-expr","locations":[{"start":{"line":68,"column":25},"end":{"line":68,"column":61}},{"start":{"line":68,"column":65},"end":{"line":68,"column":66}}],"line":68},"19":{"loc":{"start":{"line":75,"column":18},"end":{"line":75,"column":44}},"type":"binary-expr","locations":[{"start":{"line":75,"column":18},"end":{"line":75,"column":38}},{"start":{"line":75,"column":42},"end":{"line":75,"column":44}}],"line":75},"20":{"loc":{"start":{"line":76,"column":17},"end":{"line":76,"column":42}},"type":"binary-expr","locations":[{"start":{"line":76,"column":17},"end":{"line":76,"column":36}},{"start":{"line":76,"column":40},"end":{"line":76,"column":42}}],"line":76},"21":{"loc":{"start":{"line":77,"column":17},"end":{"line":77,"column":42}},"type":"binary-expr","locations":[{"start":{"line":77,"column":17},"end":{"line":77,"column":36}},{"start":{"line":77,"column":40},"end":{"line":77,"column":42}}],"line":77},"22":{"loc":{"start":{"line":80,"column":23},"end":{"line":80,"column":61}},"type":"binary-expr","locations":[{"start":{"line":80,"column":23},"end":{"line":80,"column":48}},{"start":{"line":80,"column":52},"end":{"line":80,"column":61}}],"line":80},"23":{"loc":{"start":{"line":81,"column":25},"end":{"line":81,"column":65}},"type":"binary-expr","locations":[{"start":{"line":81,"column":25},"end":{"line":81,"column":52}},{"start":{"line":81,"column":56},"end":{"line":81,"column":65}}],"line":81},"24":{"loc":{"start":{"line":84,"column":18},"end":{"line":84,"column":57}},"type":"binary-expr","locations":[{"start":{"line":84,"column":18},"end":{"line":84,"column":52}},{"start":{"line":84,"column":56},"end":{"line":84,"column":57}}],"line":84},"25":{"loc":{"start":
[...]
:{"line":69,"column":1}},"line":61},"5":{"name":"(anonymous_5)","decl":{"start":{"line":63,"column":20},"end":{"line":63,"column":21}},"loc":{"start":{"line":63,"column":30},"end":{"line":67,"column":5}},"line":63},"6":{"name":"getDirectionsURL","decl":{"start":{"line":71,"column":16},"end":{"line":71,"column":32}},"loc":{"start":{"line":71,"column":65},"end":{"line":73,"column":1}},"line":71},"7":{"name":"getBoundingBox","decl":{"start":{"line":75,"column":16},"end":{"line":75,"column":30}},"loc":{"start":{"line":75,"column":55},"end":{"line":89,"column":1}},"line":75}},"branchMap":{"0":{"loc":{"start":{"line":3,"column":47},"end":{"line":3,"column":56}},"type":"default-arg","locations":[{"start":{"line":3,"column":54},"end":{"line":3,"column":56}}],"line":3},"1":{"loc":{"start":{"line":19,"column":2},"end":{"line":19,"column":24}},"type":"if","locations":[{"start":{"line":19,"column":2},"end":{"line":19,"column":24}},{"start":{},"end":{}}],"line":19},"2":{"loc":{"start":{"line":21,"column":2},"end":{"line":23,"column":3}},"type":"if","locations":[{"start":{"line":21,"column":2},"end":{"line":23,"column":3}},{"start":{},"end":{}}],"line":21},"3":{"loc":{"start":{"line":28,"column":2},"end":{"line":28,"column":47}},"type":"if","locations":[{"start":{"line":28,"column":2},"end":{"line":28,"column":47}},{"start":{},"end":{}}],"line":28},"4":{"loc":{"start":{"line":28,"column":6},"end":{"line":28,"column":35}},"type":"binary-expr","locations":[{"start":{"line":28,"column":6},"end":{"line":28,"column":10}},{"start":{"line":28,"column":14},"end":{"line":28,"column":35}}],"line":28},"5":{"loc":{"start":{"line":36,"column":20},"end":{"line":36,"column":33}},"type":"binary-expr","locations":[{"start":{"line":36,"column":20},"end":{"line":36,"column":27}},{"start":{"line":36,"column":31},"end":{"line":36,"column":33}}],"line":36},"6":{"loc":{"start":{"line":38,"column":4},"end":{"line":49,"column":5}},"type":"if","locations":[{"start":{"line":38,"column":4},"end":{"line":49,"column":5}},{"start":{"line":40,"column":11},"end":{"line":49,"column":5}}],"line":38},"7":{"loc":{"start":{"line":40,"column":11},"end":{"line":49,"column":5}},"type":"if","locations":[{"start":{"line":40,"column":11},"end":{"line":49,"column":5}},{"start":{"line":42,"column":11},"end":{"line":49,"column":5}}],"line":40},"8":{"loc":{"start":{"line":42,"column":11},"end":{"line":49,"column":5}},"type":"if","locations":[{"start":{"line":42,"column":11},"end":{"line":49,"column":5}},{"start":{"line":44,"column":11},"end":{"line":49,"column":5}}],"line":42},"9":{"loc":{"start":{"line":44,"column":11},"end":{"line":49,"column":5}},"type":"if","locations":[{"start":{"line":44,"column":11},"end":{"line":49,"column":5}},{"start":{"line":46,"column":11},"end":{"line":49,"column":5}}],"line":44},"10":{"loc":{"start":{"line":52,"column":36},"end":{"line":52,"column":56}},"type":"binary-expr","locations":[{"start":{"line":52,"column":36},"end":{"line":52,"column":46}},{"start":{"line":52,"column":50},"end":{"line":52,"column":56}}],"line":52},"11":{"loc":{"start":{"line":52,"column":73},"end":{"line":52,"column":95}},"type":"binary-expr","locations":[{"start":{"line":52,"column":73},"end":{"line":52,"column":89}},{"start":{"line":52,"column":93},"end":{"line":52,"column":95}}],"line":52},"12":{"loc":{"start":{"line":62,"column":2},"end":{"line":68,"column":3}},"type":"if","locations":[{"start":{"line":62,"column":2},"end":{"line":68,"column":3}},{"start":{},"end":{}}],"line":62},"13":{"loc":{"start":{"line":64,"column":6},"end":{"line":66,"column":7}},"type":"if","locations":[{"start":{"line":64,"column":6},"end":{"line":66,"column":7}},{"start":{},"end":{}}],"line":64},"14":{"loc":{"start":{"line":64,"column":10},"end":{"line":64,"column":55}},"type":"binary-expr","locations":[{"start":{"line":64,"column":10},"end":{"line":64,"column":16}},{"start":{"line":64,"column":20},"end":{"line":64,"column":55}}],"line":64},"15":{"loc":{"start":{"line":75,"column":41},"end":{"line":75,"column":53}},"type":"default-arg","locations":[{"start":{"line":75,"column":52},"end":{"line":75,"column":53}}],"line":75}},"s":{"0":0,"1":0,"2":0,"3":0,"4":0,"5":0,"6":0,"7":0,"8":0,"9":0,"10":0,"11":0,"12":0,"13":0,"14":0,"15":0,"16":0,"17":0,"18":0,"19":0,"20":0,"21":0,"22":0,"23":0,"24":0,"25":0,"26":0,"27":0,"28":0,"29":0,"30":0,"31":0,"32":0,"33":0,"34":0,"35":0,"36":0,"37":0,"38":0,"39":0,"40":0,"41":0,"42":0,"43":0,"44":0},"f":{"0":0,"1":0,"2":0,"3":0,"4":0,"5":0,"6":0,"7":0},"b":{"0":[0],"1":[0,0],"2":[0,0],"3":[0,0],"4":[0,0],"5":[0,0],"6":[0,0],"7":[0,0],"8":[0,0],"9":[0,0],"10":[0,0],"11":[0,0],"12":[0,0],"13":[0,0],"14":[0,0],"15":[0]}}
,"C:\\Users\\omlok\\Documents\\prompt-war\\StadiumIQ\\src\\utils\\cache.js": {"path":"C:\\Users\\omlok\\Documents\\prompt-war\\StadiumIQ\\src\\utils\\cache.js","statementMap":{"0":{"start":{"line":1,"column":29},"end":{"line":1,"column":38}},"1":{"start":{"line":4,"column":2},"end":{"line":4,"column":43}},"2":{"start":{"line":4,"column":31},"end":{"line":4,"column":43}},"3":{"start":{"line":5,"column":24},"end":{"line":5,"column":48}},"4":{"start":{"line":6,"column":16},"end":{"line":6,"column":48}},"5":{"start":{"line":7,"column":2},"end":{"line":7,"column":26}},"6":{"start":{"line":7,"column":14},"end":{"line":7,"column":26}},"7":{"start":{"line":9,"column":22},"end":{"line":9,"column":35}},"8":{"start":{"line":10,"column":2},"end":{"line":12,"column":3}},"9":{"start":{"line":11,"column":4},"end":{"line":11,"column":23}},"10":{"start":{"line":15,"column":2},"end":{"line":15,"column":38}},"11":{"start":{"line":16,"column":2},"end":{"line":16,"column":14}},"12":{"start":{"line":20,"column":2},"end":{"line":20,"column":38}},"13":{"start":{"line":20,"column":31},"end":{"line":20,"column":38}},"14":{"start":{"line":21,"column":24},"end":{"line":21,"column":48}},"15":{"start":{"line":22,"column":2},"end":{"line":25,"column":5}},"16":{"start":{"line":29,"column":2},"end":{"line":29,"column":24}}},"fnMap":{"0":{"name":"getCachedResponse","decl":{"start":{"line":3,"column":16},"end":{"line":3,"column":33}},"loc":{"start":{"line":3,"column":39},"end":{"line":17,"column":1}},"line":3},"1":{"name":"setCachedResponse","decl":{"start":{"line":19,"column":16},"end":{"line":19,"column":33}},"loc":{"start":{"line":19,"column":46},"end":{"line":26,"column":1}},"line":19},"2":{"name":"clearCache","decl":{"start":{"line":28,"column":16},"end":{"line":28,"column":26}},"loc":{"start":{"line":28,"column":29},"end":{"line":30,"column":1}},"line":28}},"branchMap":{"0":{"loc":{"start":{"line":4,"column":2},"end":{"line":4,"column":43}},"type":"if","locations":[{"start":{"line":4,"column":2},"end":{"line":4,"column":43}},{"start":{},"end":{}}],"line":4},"1":{"loc":{"start":{"line":7,"column":2},"end":{"line":7,"column":26}},"type":"if","locations":[{"start":{"line":7,"column":2},"end":{"line":7,"column":26}},{"start":{},"end":{}}],"line":7},"2":{"loc":{"start":{"line":10,"column":2},"end":{"line":12,"column":3}},"type":"if","locations":[{"start":{"line":10,"column":2},"end":{"line":12,"column":3}},{"start":{},"end":{}}],"line":10},"3":{"loc":{"start":{"line":20,"column":2},"end":{"line":20,"column":38}},"type":"if","locations":[{"start":{"line":20,"column":2},"end":{"line":20,"column":38}},{"start":{},"end":{}}],"line":20}},"s":{"0":0,"1":0,"2":0,"3":0,"4":0,"5":0,"6":0,"7":0,"8":0,"9":0,"10":0,"11":0,"12":0,"13":0,"14":0,"15":0,"16":0},"f":{"0":0,"1":0,"2":0},"b":{"0":[0,0],"1":[0,0],"2":[0,0],"3":[0,0]}}
,"C:\\Users\\omlok\\Documents\\prompt-war\\StadiumIQ\\src\\utils\\errorHandler.js": {"path":"C:\\Users\\omlok\\Documents\\prompt-war\\StadiumIQ\\src\\utils\\errorHandler.js","statementMap":{"0":{"start":{"line":1,"column":34},"end":{"line":1,"column":186}},"1":{"start":{"line":4,"column":16},"end":{"line":4,"column":34}},"2":{"start":{"line":6,"column":26},"end":{"line":14,"column":3}},"3":{"start":{"line":16,"column":20},"end":{"line":22,"column":4}},"4":{"start":{"line":17,"column":4},"end":{"line":20,"column":5}},"5":{"start":{"line":18,"column":20},"end":{"line":18,"column":55}},"6":{"start":{"line":19,"column":6},"end":{"line":19,"column":31}},"7":{"start":{"line":21,"column":4},"end":{"line":21,"column":35}},"8":{"start":{"line":24,"column":2},"end":{"line":24,"column":20}},"9":{"start":{"line":28,"column":16},"end":{"line":28,"column":41}},"10":{"start":{"line":29,"column":2},"end":{"line":29,"column":36}},"11":{"start":{"line":29,"column":24},"end":{"line":29,"column":36}},"12":{"start":{"line":31,"column":21},"end":{"line":31,"column":109}},"13":{"start":{"line":32,"column":2},"end":{"line":34,"column":3}},"14":{"start":{"line":33,"column":4},"end":{"line":33,"column":16}},"15":{"start":{"line":35,"column":2},"end":{"line":35,"column":15}},"16":{"start":{"line":39,"column":2},"end":{"line":56,"column":3}},"17":{"start":{"line":40,"column":21},"end":{"line":40,"column":46}},"18":{"start":{"line":41,"column":4},"end":{"line":47,"column":5}},"19":{"start":{"line":42,"column":6},"end":{"line":46,"column":7}},"20":{"start":{"line":43,"column":8},"end":{"line":43,"column":43}},"21":{"start":{"line":43,"column":21},"end":{"line":43,"column":43}},"22":{"start":{"line":44,"column":8},"end":{"line":44,"column":65}},"23":{"start":{"line":44,"column":37},"end":{"line":44,"column":63}},"24":{"start":{"line":45,"column":8},"end":{"line":45,"column":77}},"25":{"start":{"line":48,"column":4},"end":{"line":48,"column":20}},"26":{"start":{"line":50,"column":4},"end":{"line":54,"column":5}},"27":{"start":{"line":51,"column":6},"end":{"line":51,"column":41}},"28":{"start":{"line":51,"column":19},"end":{"line":51,"column":41}},"29":{"start":{"line":52,"column":6},"end":{"line":52,"column":63}},"30":{"start":{"line":52,"column":35},"end":{"line":52,"column":61}},"31":{"start":{"line":53,"column":6},"end":{"line":53,"column":75}},"32":{"start":{"line":55,"column":4},"end":{"line":55,"column":16}}},"fnMap":{"0":{"name":"isOffTopic","decl":{"start":{"line":3,"column":16},"end":{"line":3,"column":26}},"loc":{"start":{"line":3,"column":33},"end":{"line":25,"column":1}},"line":3},"1":{"name":"(anonymous_1)","decl":{"start":{"line":16,"column":41},"end":{"line":16,"column":42}},"loc":{"start":{"line":16,"column":52},"end":{"line":22,"column":3}},"line":16},"2":{"name":"isVagueQuestion","decl":{"start":{"line":27,"column":16},"end":{"line":27,"column":31}},"loc":{"start":{"line":27,"column":38},"end":{"line":36,"column":1}},"line":27},"3":{"name":"fetchWithRetry","decl":{"start":{"line":38,"column":22},"end":{"line":38,"column":36}},"loc":{"start":{"line":38,"column":94},"end":{"line":57,"column":1}},"line":38},"4":{"name":"(anonymous_4)","decl":{"start":{"line":44,"column":26},"end":{"line":44,"column":27}},"loc":{"start":{"line":44,"column":37},"end":{"line":44,"column":63}},"line":44},"5":{"name":"(anonymous_5)","decl":{"start":{"line":52,"column":24},"end":{"line":52,"column":25}},"loc":{"start":{"line":52,"column":35},"end":{"line":52,"column":61}},"line":52}},"branchMap":{"0":{"loc":{"start":{"line":17,"column":4},"end":{"line":20,"column":5}},"type":"if","locations":[{"start":{"line":17,"column":4},"end":{"line":20,"column":5}},{"start":{},"end":{}}],"line":17},"1":{"loc":{"start":{"line":29,"column":2},"end":{"line":29,"column":36}},"type":"if","locations":[{"start":{"line":29,"column":2},"end":{"line":29,"column":36}},{"start":{},"end":{}}],"line":29},"2":{"loc":{"start":{"line":32,"column":2},"end":{"line":34,"column":3}},"type":"if","locations":[{"start":{"line":32,"column":2},"end":{"line":34,"column":3}},{"start":{},"end":{}}],"line":32},"3":{"loc":{"start":{"line":32,"column":6},"end":{"line":32,"column":49}},"type":"binary-expr","locations":[{"start":{"line":32,"column":6},"end":{"line":32,"column":32}},{"start":{"line":32,"column":36},"end":{"line":32,"column":49}}],"line":32},"4":{"loc":{"start":{"line":38,"column":51},"end":{"line":38,"column":62}},"type":"default-arg","locations":[{"start":{"line":38,"column":61},"end":{"line":38,"column":62}}],"line":38},"5":{"loc":{"start":{"line":38,"column":64},"end":{"line":38,"column":76}},"type":"default-arg","locations":[{"start":{"line":38,"column":72},"end":{"line":38,"column":76}}],"line":38},"6":{"loc":{"start":{"line":38,"column":78},"end":{"line":38,"column":92}},"type":"default-arg","locations":[{"start":{"line":38,"column":88},"end":{"line":38,"column":92}}],"line":38},"7":{"loc":{"start":{"line":41,"column":4},"end":{"line":47,"column":5}},"type":"if","locations":[{"start":{"line":41,"column":4},"end":{"line":47,"column":5}},{"start":{},"end":{}}],"line":41},"8":{"loc":{"start":{"line":42,"column":6},"end":{"line":46,"column":7}},"type":"if","locations":[{"start":{"line":42,"column":6},"end":{"line":46,"column":7}},{"start":{},"end":{}}],"line":42},"9":{"loc":{"start":{"line":43,"column":8},"end":{"line":43,"column":43}},"type":"if","locations":[{"start":{"line":43,"column":8},"end":{"line":43,"column":43}},{"start":{},"end":{}}],"line":43},"10":{"loc":{"start":{"line":50,"column":4},"end":{"line":54,"column":5}},"type":"if","locations":[{"start":{"line":50,"column":4},"end":{"line":54,"column":5}},{"start":{},"end":{}}],"line":50},"11":{"loc":{"start":{"line":51,"column":6},"end":{"line":51,"column":41}},"type":"if","locations":[{"start":{"line":51,"column":6},"end":{"line":51,"column":41}},{"start":{},"end":{}}],"line":51}},"s":{"0":2,"1":5,"2":5,"3":5,"4":157,"5":69,"6":69,"7":88,"8":5,"9":6,"10":6,"11":2,"12":4,"13":4,"14":1,"15":3,"16":14,"17":14,"18":14,"19":2,"20":2,"21":2,"22":2,"23":2,"24":2,"25":12,"26":0,"27":0,"28":0,"29":0,"30":0,"31":0,"32":0},"f":{"0":5,"1":157,"2":6,"3":14,"4":2,"5":0},"b":{"0":[69,88],"1":[2,4],"2":[1,3],"3":[4,3],"4":[0],"5":[0],"6":[3],"7":[2,12],"8":[2,0],"9":[2,0],"10":[0,0],"11":[0,0]},"_coverageSchema":"1a1c01bbd47fc00a2c39e90264f33305004495a9","hash":"2fd8e2597449b628b76117a0b4124da38a7b1025"}
,"C:\\Users\\omlok\\Documents\\prompt-war\\StadiumIQ\\src\\utils\\rateLimit.js": {"path":"C:\\Users\\omlok\\Documents\\prompt-war\\StadiumIQ\\src\\utils\\rateLimit.js","statementMap":{"0":{"start":{"line":1,"column":26},"end":{"line":1,"column":28}},"1":{"start":{"line":4,"column":14},"end":{"line":4,"column":24}},"2":{"start":{"line":5,"column":17},"end":{"line":5,"column":28}},"3":{"start":{"line":8,"column":2},"end":{"line":10,"column":3}},"4":{"start":{"line":9,"column":4},"end":{"line":9,"column":23}},"5":{"start":{"line":12,"column":2},"end":{"line":12,"column":32}},"6":{"start":{"line":16,"column":2},"end":{"line":16,"column":30}},"7":{"start":{"line":20,"column":2},"end":{"line":22,"column":3}},"8":{"start":{"line":21,"column":4},"end":{"line":21,"column":13}},"9":{"start":{"line":23,"column":2},"end":{"line":25,"column":3}},"10":{"start":{"line":24,"column":4},"end":{"line":24,"column":13}},"11":{"start":{"line":26,"column":14},"end":{"line":26,"column":24}},"12":{"start":{"line":27,"column":17},"end":{"line":27,"column":30}},"13":{"start":{"line":28,"column":17},"end":{"line":28,"column":39}},"14":{"start":{"line":29,"column":2},"end":{"line":29,"column":47}}},"fnMap":{"0":{"name":"canMakeRequest","decl":{"start":{"line":3,"column":16},"end":{"line":3,"column":30}},"loc":{"start":{"line":3,"column":33},"end":{"line":13,"column":1}},"line":3},"1":{"name":"logRequest","decl":{"start":{"line":15,"column":16},"end":{"line":15,"column":26}},"loc":{"start":{"line":15,"column":29},"end":{"line":17,"column":1}},"line":15},"2":{"name":"getWaitTime","decl":{"start":{"line":19,"column":16},"end":{"line":19,"column":27}},"loc":{"start":{"line":19,"column":30},"end":{"line":30,"column":1}},"line":19}},"branchMap":{"0":{"loc":{"start":{"line":8,"column":9},"end":{"line":8,"column":56}},"type":"binary-expr","locations":[{"start":{"line":8,"column":9},"end":{"line":8,"column":30}},{"start":{"line":8,"column":34},"end":{"line":8,"column":56}}],"line":8},"1":{"loc":{"start":{"line":20,"column":2},"end":{"line":22,"column":3}},"type":"if","locations":[{"start":{"line":20,"column":2},"end":{"line":22,"column":3}},{"start":{},"end":{}}],"line":20},"2":{"loc":{"start":{"line":23,"column":2},"end":{"line":25,"column":3}},"type":"if","locations":[{"start":{"line":23,"column":2},"end":{"line":25,"column":3}},{"start":{},"end":{}}],"line":23}},"s":{"0":0,"1":0,"2":0,"3":0,"4":0,"5":0,"6":0,"7":0,"8":0,"9":0,"10":0,"11":0,"12":0,"13":0,"14":0},"f":{"0":0,"1":0,"2":0},"b":{"0":[0,0],"1":[0,0],"2":[0,0]}}
,"C:\\Users\\omlok\\Documents\\prompt-war\\StadiumIQ\\src\\utils\\sanitize.js": {"path":"C:\\Users\\omlok\\Documents\\prompt-war\\StadiumIQ\\src\\utils\\sanitize.js","statementMap":{"0":{"start":{"line":2,"column":2},"end":{"line":2,"column":42}},"1":{"start":{"line":2,"column":32},"end":{"line":2,"column":42}},"2":{"start":{"line":3,"column":16},"end":{"line":3,"column":27}},"3":{"start":{"line":6,"column":2},"end":{"line":6,"column":44}},"4":{"start":{"line":9,"column":2},"end":{"line":9,"column":49}},"5":{"start":{"line":10,"column":2},"end":{"line":10,"column":45}},"6":{"start":{"line":11,"column":2},"end":{"line":11,"column":55}},"7":{"start":{"line":14,"column":2},"end":{"line":16,"column":3}},"8":{"start":{"line":15,"column":4},"end":{"line":15,"column":40}},"9":{"start":{"line":18,"column":2},"end":{"line":18,"column":17}},"10":{"start":{"line":22,"column":2},"end":{"line":22,"column":42}},"11":{"start":{"line":22,"column":32},"end":{"line":22,"column":42}},"12":{"start":{"line":23,"column":2},"end":{"line":23,"column":21}},"13":{"start":{"line":27,"column":2},"end":{"line":27,"column":45}},"14":{"start":{"line":27,"column":32},"end":{"line":27,"column":45}},"15":{"start":{"line":28,"column":18},"end":{"line":28,"column":29}},"16":{"start":{"line":29,"column":2},"end":{"line":29,"column":63}},"17":{"start":{"line":29,"column":50},"end":{"line":29,"column":63}},"18":{"start":{"line":30,"column":2},"end":{"line":30,"column":14}}},"fnMap":{"0":{"name":"sanitizeInput","decl":{"start":{"line":1,"column":16},"end":{"line":1,"column":29}},"loc":{"start":{"line":1,"column":36},"end":{"line":19,"column":1}},"line":1},"1":{"name":"sanitizeResponse","decl":{"start":{"line":21,"column":16},"end":{"line":21,"column":32}},"loc":{"start":{"line":21,"column":39},"end":{"line":24,"column":1}},"line":21},"2":{"name":"isValidInput","decl":{"start":{"line":26,"column":16},"end":{"line":26,"column":28}},"loc":{"start":{"line":26,"column":35},"end":{"line":31,"column":1}},"line":26}},"branchMap":{"0":{"loc":{"start":{"line":2,"column":2},"end":{"line":2,"column":42}},"type":"if","locations":[{"start":{"line":2,"column":2},"end":{"line":2,"column":42}},{"start":{},"end":{}}],"line":2},"1":{"loc":{"start":{"line":14,"column":2},"end":{"line":16,"column":3}},"type":"if","locations":[{"start":{"line":14,"column":2},"end":{"line":16,"column":3}},{"start":{},"end":{}}],"line":14},"2":{"loc":{"start":{"line":22,"column":2},"end":{"line":22,"column":42}},"type":"if","locations":[{"start":{"line":22,"column":2},"end":{"line":22,"column":42}},{"start":{},"end":{}}],"line":22},"3":{"loc":{"start":{"line":27,"column":2},"end":{"line":27,"column":45}},"type":"if","locations":[{"start":{"line":27,"column":2},"end":{"line":27,"column":45}},{"start":{},"end":{}}],"line":27},"4":{"loc":{"start":{"line":29,"column":2},"end":{"line":29,"column":63}},"type":"if","locations":[{"start":{"line":29,"column":2},"end":{"line":29,"column":63}},{"start":{},"end":{}}],"line":29},"5":{"loc":{"start":{"line":29,"column":6},"end":{"line":29,"column":48}},"type":"binary-expr","locations":[{"start":{"line":29,"column":6},"end":{"line":29,"column":24}},{"start":{"line":29,"column":28},"end":{"line":29,"column":48}}],"line":29}},"s":{"0":6,"1":0,"2":6,"3":6,"4":6,"5":6,"6":6,"7":6,"8":1,"9":6,"10":1,"11":0,"12":1,"13":6,"14":0,"15":6,"16":6,"17":5,"18":1},"f":{"0":6,"1":1,"2":6},"b":{"0":[0,6],"1":[1,5],"2":[0,1],"3":[0,6],"4":[5,1],"5":[6,2]},"_coverageSchema":"1a1c01bbd47fc00a2c39e90264f33305004495a9","hash":"96b0c0985ec4726c7d092580c8818f7545df4e40"}
}
