TN:
SF:src\App.jsx
FN:12,App
FNF:1
FNH:0
FNDA:0,App
DA:29,0
DA:31,0
LF:2
LH:0
BRF:0
BRH:0
end_of_record
TN:
SF:src\firebase.js
FNF:0
FNH:0
DA:4,0
DA:14,0
DA:15,0
LF:3
LH:0
BRDA:5,0,0,0
BRDA:5,0,1,0
BRDA:6,1,0,0
BRDA:6,1,1,0
BRDA:7,2,0,0
BRDA:7,2,1,0
BRDA:8,3,0,0
BRDA:8,3,1,0
BRDA:9,4,0,0
BRDA:9,4,1,0
BRDA:10,5,0,0
BRDA:10,5,1,0
BRDA:11,6,0,0
BRDA:11,6,1,0
BRF:14
BRH:0
end_of_record
TN:
SF:src\components\AccessibilityPanel.jsx
FN:3,AccessibilityPanel
FN:14,(anonymous_1)
FNF:2
FNH:0
FNDA:0,AccessibilityPanel
FNDA:0,(anonymous_1)
DA:4,0
DA:6,0
DA:15,0
LF:3
LH:0
BRDA:4,0,0,0
BRDA:4,0,1,0
BRDA:12,1,0,0
BRDA:12,1,1,0
BRF:4
BRH:0
end_of_record
TN:
SF:src\components\AdBanner.jsx
FN:3,AdBanner
FN:4,(anonymous_1)
FNF:2
FNH:0
FNDA:0,AdBanner
FNDA:0,(anonymous_1)
DA:4,0
DA:5,0
DA:6,0
DA:12,0
LF:4
LH:0
BRDA:6,0,0,0
BRDA:6,0,1,0
BRF:2
BRH:0
end_of_record
TN:
SF:src\components\ChatInterface.jsx
FN:4,ChatInterface
FN:18,(anonymous_1)
FN:35,(anonymous_2)
FN:43,(anonymous_3)
FN:47,(anonymous_4)
FN:54,(anonymous_5)
FN:61,(anonymous_6)
FN:81,(anonymous_7)
FN:84,(anonymous_8)
FN:94,(anonymous_9)
FN:144,(anonymous_10)
FN:170,(anonymous_11)
FNF:12
FNH:0
FNDA:0,ChatInterface
FNDA:0,(anonymous_1)
FNDA:0,(anonymous_2)
FNDA:0,(anonymous_3)
FNDA:0,(anonymous_4)
FNDA:0,(anonymous_5)
FNDA:0,(anonymous_6)
FNDA:0,(anonymous_7)
FNDA:0,(anonymous_8)
FNDA:0,(anonymous_9)
FNDA:0,(anonymous_10)
FNDA:0,(anonymous_11)
DA:14,0
DA:15,0
DA:16,0
DA:18,0
DA:19,0
DA:27,0
DA:28,0
DA:29,0
DA:30,0
DA:31,0
DA:32,0
DA:35,0
DA:36,0
DA:37,0
DA:43,0
DA:44,0
DA:47,0
DA:48,0
DA:49,0
DA:50,0
DA:51,0
DA:54,0
DA:55,0
DA:56,0
DA:57,0
DA:61,0
DA:62,0
DA:63,0
DA:64,0
DA:65,0
DA:66,0
DA:69,0
DA:82,0
DA:84,0
DA:95,0
DA:96,0
DA:144,0
DA:170,0
LF:38
LH:0
BRDA:5,0,0,0
BRDA:6,1,0,0
BRDA:7,2,0,0
BRDA:11,3,0,0
BRDA:28,4,0,0
BRDA:28,4,1,0
BRDA:31,5,0,0
BRDA:31,5,1,0
BRDA:36,6,0,0
BRDA:36,6,1,0
BRDA:36,7,0,0
BRDA:36,7,1,0
BRDA:48,8,0,0
BRDA:48,8,1,0
BRDA:49,9,0,0
BRDA:49,9,1,0
BRDA:49,10,0,0
BRDA:49,10,1,0
BRDA:55,11,0,0
BRDA:55,11,1,0
BRDA:55,12,0,0
BRDA:55,12,1,0
BRDA:62,13,0,0
BRDA:62,13,1,0
BRDA:77,14,0,0
BRDA:77,14,1,0
BRDA:77,14,2,0
BRDA:99,15,0,0
BRDA:99,15,1,0
BRDA:103,16,0,0
BRDA:103,16,1,0
BRDA:109,17,0,0
BRDA:109,17,1,0
BRDA:117,18,0,0
BRDA:117,18,1,0
BRDA:128,19,0,0
BRDA:128,19,1,0
BRDA:135,20,0,0
BRDA:135,20,1,0
BRDA:179,21,0,0
BRDA:179,21,1,0
BRF:41
BRH:0
end_of_record
TN:
SF:src\components\CrowdDashboard.jsx
FN:3,CrowdDashboard
FN:17,(anonymous_1)
FN:23,(anonymous_2)
FN:109,(anonymous_3)
FN:125,(anonymous_4)
FN:150,(anonymous_5)
FNF:6
FNH:0
FNDA:0,CrowdDashboard
FNDA:0,(anonymous_1)
FNDA:0,(anonymous_2)
FNDA:0,(anonymous_3)
FNDA:0,(anonymous_4)
FNDA:0,(anonymous_5)
DA:4,0
DA:5,0
DA:17,0
DA:18,0
DA:19,0
DA:20,0
DA:23,0
DA:24,0
DA:25,0
DA:26,0
DA:28,0
DA:29,0
DA:31,0
DA:35,0
DA:39,0
DA:40,0
DA:41,0
DA:44,0
DA:52,0
DA:60,0
DA:66,0
DA:110,0
DA:126,0
DA:151,0
LF:24
LH:0
BRDA:4,0,0,0
BRDA:4,0,1,0
BRDA:18,1,0,0
BRDA:18,1,1,0
BRDA:19,2,0,0
BRDA:19,2,1,0
BRDA:24,3,0,0
BRDA:24,3,1,0
BRDA:25,4,0,0
BRDA:25,4,1,0
BRDA:28,5,0,0
BRDA:28,5,1,0
BRDA:35,6,0,0
BRDA:35,6,1,0
BRDA:37,7,0,0
BRDA:37,7,1,0
BRDA:40,8,0,0
BRDA:40,8,1,0
BRDA:40,9,0,0
BRDA:40,9,1,0
BRDA:41,10,0,0
BRDA:41,10,1,0
BRDA:44,11,0,0
BRDA:44,11,1,0
BRDA:45,12,0,0
BRDA:45,12,1,0
BRDA:45,13,0,0
BRDA:45,13,1,0
BRDA:46,14,0,0
BRDA:46,14,1,0
BRDA:46,15,0,0
BRDA:46,15,1,0
BRDA:47,16,0,0
BRDA:47,16,1,0
BRDA:47,17,0,0
BRDA:47,17,1,0
BRDA:48,18,0,0
BRDA:48,18,1,0
BRDA:48,19,0,0
BRDA:48,19,1,0
BRDA:52,20,0,0
BRDA:52,20,1,0
BRDA:53,21,0,0
BRDA:53,21,1,0
BRDA:53,22,0,0
BRDA:53,22,1,0
BRDA:54,23,0,0
BRDA:54,23,1,0
BRDA:54,24,0,0
BRDA:54,24,1,0
BRDA:55,25,0,0
BRDA:55,25,1,0
BRDA:55,26,0,0
BRDA:55,26,1,0
BRDA:56,27,0,0
BRDA:56,27,1,0
BRDA:60,28,0,0
BRDA:60,28,1,0
BRDA:61,29,0,0
BRDA:61,29,1,0
BRDA:61,30,0,0
BRDA:61,30,1,0
BRDA:63,31,0,0
BRDA:63,31,1,0
BRDA:70,32,0,0
BRDA:70,32,1,0
BRDA:81,33,0,0
BRDA:81,33,1,0
BRDA:87,34,0,0
BRDA:87,34,1,0
BRF:70
BRH:0
end_of_record
TN:
SF:src\components\CrowdToggle.jsx
FN:4,CrowdToggle
FN:10,(anonymous_1)
FN:13,(anonymous_2)
FN:23,(anonymous_3)
FN:28,(anonymous_4)
FN:42,(anonymous_5)
FN:65,(anonymous_6)
FN:76,(anonymous_7)
FNF:8
FNH:0
FNDA:0,CrowdToggle
FNDA:0,(anonymous_1)
FNDA:0,(anonymous_2)
FNDA:0,(anonymous_3)
FNDA:0,(anonymous_4)
FNDA:0,(anonymous_5)
FNDA:0,(anonymous_6)
FNDA:0,(anonymous_7)
DA:5,0
DA:6,0
DA:7,0
DA:8,0
DA:10,0
DA:11,0
DA:12,0
DA:13,0
DA:14,0
DA:15,0
DA:19,0
DA:20,0
DA:23,0
DA:24,0
DA:28,0
DA:29,0
DA:30,0
DA:32,0
DA:33,0
DA:35,0
DA:36,0
DA:37,0
DA:38,0
DA:41,0
DA:42,0
DA:43,0
DA:44,0
DA:45,0
DA:46,0
DA:47,0
DA:48,0
DA:51,0
DA:54,0
DA:57,0
DA:65,0
DA:76,0
LF:36
LH:0
BRDA:11,0,0,0
BRDA:11,0,1,0
BRDA:14,1,0,0
BRDA:14,1,1,0
BRDA:30,2,0,0
BRDA:30,2,1,0
BRDA:35,3,0,0
BRDA:35,3,1,0
BRDA:35,4,0,0
BRDA:35,4,1,0
BRDA:36,5,0,0
BRDA:36,5,1,0
BRDA:47,6,0,0
BRDA:47,6,1,0
BRDA:51,7,0,0
BRDA:51,7,1,0
BRDA:67,8,0,0
BRDA:67,8,1,0
BRDA:78,9,0,0
BRDA:78,9,1,0
BRDA:89,10,0,0
BRDA:89,10,1,0
BRDA:108,11,0,0
BRDA:108,11,1,0
BRDA:111,12,0,0
BRDA:111,12,1,0
BRDA:126,13,0,0
BRDA:126,13,1,0
BRF:28
BRH:0
end_of_record
TN:
SF:src\components\CrowdUpload.jsx
FN:5,CrowdUpload
FN:13,(anonymous_1)
FN:31,(anonymous_2)
FN:54,(anonymous_3)
FN:113,(anonymous_4)
FN:147,(anonymous_5)
FNF:6
FNH:0
FNDA:0,CrowdUpload
FNDA:0,(anonymous_1)
FNDA:0,(anonymous_2)
FNDA:0,(anonymous_3)
FNDA:0,(anonymous_4)
FNDA:0,(anonymous_5)
DA:6,0
DA:7,0
DA:8,0
DA:9,0
DA:10,0
DA:11,0
DA:13,0
DA:14,0
DA:15,0
DA:16,0
DA:17,0
DA:18,0
DA:19,0
DA:21,0
DA:24,0
DA:25,0
DA:26,0
DA:27,0
DA:30,0
DA:31,0
DA:32,0
DA:33,0
DA:34,0
DA:36,0
DA:37,0
DA:38,0
DA:39,0
DA:42,0
DA:43,0
DA:44,0
DA:45,0
DA:48,0
DA:51,0
DA:54,0
DA:55,0
DA:57,0
DA:58,0
DA:59,0
DA:60,0
DA:61,0
DA:62,0
DA:64,0
DA:68,0
DA:114,0
DA:148,0
LF:45
LH:0
BRDA:21,0,0,0
BRDA:21,0,1,0
BRDA:25,1,0,0
BRDA:25,1,1,0
BRDA:25,2,0,0
BRDA:25,2,1,0
BRDA:37,3,0,0
BRDA:37,3,1,0
BRDA:44,4,0,0
BRDA:44,4,1,0
BRDA:48,5,0,0
BRDA:48,5,1,0
BRDA:55,6,0,0
BRDA:55,6,1,0
BRDA:88,7,0,0
BRDA:88,7,1,0
BRDA:95,8,0,0
BRDA:95,8,1,0
BRDA:102,9,0,0
BRDA:102,9,1,0
BRDA:109,10,0,0
BRDA:109,10,1,0
BRDA:123,11,0,0
BRDA:123,11,1,0
BRDA:155,12,0,0
BRDA:155,12,1,0
BRF:26
BRH:0
end_of_record
TN:
SF:src\components\Header.jsx
FN:4,Header
FN:14,(anonymous_1)
FN:17,(anonymous_2)
FNF:3
FNH:0
FNDA:0,Header
FNDA:0,(anonymous_1)
FNDA:0,(anonymous_2)
DA:5,0
DA:14,0
DA:18,0
LF:3
LH:0
BRDA:13,0,0,0
BRDA:13,0,1,0
BRDA:27,1,0,0
BRDA:27,1,1,0
BRF:4
BRH:0
end_of_record
TN:
SF:src\components\MapView.jsx
FN:19,MapView
FN:23,(anonymous_1)
FN:36,(anonymous_2)
FNF:3
FNH:0
FNDA:0,MapView
FNDA:0,(anonymous_1)
FNDA:0,(anonymous_2)
DA:12,0
DA:13,0
DA:20,0
DA:21,0
DA:23,0
DA:24,0
DA:27,0
DA:28,0
DA:29,0
DA:32,0
DA:33,0
DA:36,0
DA:37,0
DA:38,0
DA:39,0
DA:44,0
DA:48,0
LF:17
LH:0
BRDA:24,0,0,0
BRDA:24,0,1,0
BRDA:24,1,0,0
BRDA:24,1,1,0
BRDA:28,2,0,0
BRDA:28,2,1,0
BRDA:37,3,0,0
BRDA:37,3,1,0
BRDA:44,4,0,0
BRDA:44,4,1,0
BRDA:56,5,0,0
BRDA:56,5,1,0
BRF:12
BRH:0
end_of_record
TN:
SF:src\components\PersonaToggle.jsx
FN:4,PersonaToggle
FN:7,(anonymous_1)
FN:12,(anonymous_2)
FNF:3
FNH:0
FNDA:0,PersonaToggle
FNDA:0,(anonymous_1)
FNDA:0,(anonymous_2)
DA:5,0
DA:8,0
DA:9,0
DA:12,0
LF:4
LH:0
BRDA:14,0,0,0
BRDA:14,0,1,0
BRF:2
BRH:0
end_of_record
TN:
SF:src\constants\personas.js
FNF:0
FNH:0
DA:1,0
DA:32,0
LF:2
LH:0
BRF:0
BRH:0
end_of_record
TN:
SF:src\constants\stadiums.js
FNF:0
FNH:0
DA:1,0
DA:130,0
LF:2
LH:0
BRF:0
BRH:0
end_of_record
TN:
SF:src\context\CrowdContext.jsx
FN:5,CrowdProvider
FN:6,(anonymous_1)
FN:21,(anonymous_2)
FN:22,(anonymous_3)
FN:35,(anonymous_4)
FN:46,useCrowd
FNF:6
FNH:0
FNDA:0,CrowdProvider
FNDA:0,(anonymous_1)
FNDA:0,(anonymous_2)
FNDA:0,(anonymous_3)
FNDA:0,(anonymous_4)
FNDA:0,useCrowd
DA:3,1
DA:6,0
DA:7,0
DA:8,0
DA:9,0
DA:10,0
DA:13,0
DA:14,0
DA:16,0
DA:19,0
DA:21,0
DA:22,0
DA:23,0
DA:24,0
DA:25,0
DA:26,0
DA:28,0
DA:29,0
DA:31,0
DA:35,0
DA:36,0
DA:39,0
DA:47,0
DA:48,0
DA:49,0
DA:51,0
LF:26
LH:1
BRDA:9,0,0,0
BRDA:9,0,1,0
BRDA:36,1,0,0
BRDA:36,1,1,0
BRDA:48,2,0,0
BRDA:48,2,1,0
BRF:6
BRH:0
end_of_record
TN:
SF:src\hooks\useAssistant.js
FN:12,useAssistant
FN:26,(anonymous_1)
FN:41,(anonymous_2)
FN:52,(anonymous_3)
FN:53,(anonymous_4)
FN:54,(anonymous_5)
FN:57,(anonymous_6)
FN:58,(anonymous_7)
FN:59,(anonymous_8)
FN:60,(anonymous_9)
FN:64,(anonymous_10)
FN:72,(anonymous_11)
FN:76,(anonymous_12)
FN:86,(anonymous_13)
FN:96,(anonymous_14)
FN:110,(anonymous_15)
FN:110,(anonymous_16)
FN:113,(anonymous_17)
FN:129,(anonymous_18)
FN:142,(anonymous_19)
FN:148,(anonymous_20)
FN:149,(anonymous_21)
FN:156,(anonymous_22)
FN:157,(anonymous_23)
FNF:24
FNH:0
FNDA:0,useAssistant
FNDA:0,(anonymous_1)
FNDA:0,(anonymous_2)
FNDA:0,(anonymous_3)
FNDA:0,(anonymous_4)
FNDA:0,(anonymous_5)
FNDA:0,(anonymous_6)
FNDA:0,(anonymous_7)
FNDA:0,(anonymous_8)
FNDA:0,(anonymous_9)
FNDA:0,(anonymous_10)
FNDA:0,(anonymous_11)
FNDA:0,(anonymous_12)
FNDA:0,(anonymous_13)
FNDA:0,(anonymous_14)
FNDA:0,(anonymous_15)
FNDA:0,(anonymous_16)
FNDA:0,(anonymous_17)
FNDA:0,(anonymous_18)
FNDA:0,(anonymous_19)
FNDA:0,(anonymous_20)
FNDA:0,(anonymous_21)
FNDA:0,(anonymous_22)
FNDA:0,(anonymous_23)
DA:13,0
DA:14,0
DA:15,0
DA:16,0
DA:17,0
DA:18,0
DA:19,0
DA:21,0
DA:22,0
DA:24,0
DA:26,0
DA:28,0
DA:29,0
DA:30,0
DA:33,0
DA:34,0
DA:35,0
DA:37,0
DA:41,0
DA:42,0
DA:43,0
DA:46,0
DA:47,0
DA:49,0
DA:50,0
DA:51,0
DA:52,0
DA:53,0
DA:54,0
DA:56,0
DA:57,0
DA:58,0
DA:59,0
DA:60,0
DA:64,0
DA:65,0
DA:72,0
DA:73,0
DA:76,0
DA:77,0
DA:78,0
DA:84,0
DA:86,0
DA:89,0
DA:90,0
DA:96,0
DA:97,0
DA:100,0
DA:101,0
DA:102,0
DA:105,0
DA:107,0
DA:108,0
DA:110,0
DA:111,0
DA:114,0
DA:119,0
DA:120,0
DA:123,0
DA:129,0
DA:130,0
DA:132,0
DA:133,0
DA:135,0
DA:138,0
DA:142,0
DA:143,0
DA:144,0
DA:145,0
DA:148,0
DA:149,0
DA:150,0
DA:151,0
DA:152,0
DA:156,0
DA:157,0
DA:158,0
DA:159,0
DA:160,0
DA:164,0
LF:80
LH:0
BRDA:28,0,0,0
BRDA:28,0,1,0
BRDA:28,1,0,0
BRDA:28,1,1,0
BRDA:49,2,0,0
BRDA:49,2,1,0
BRDA:49,2,2,0
BRDA:50,3,0,0
BRDA:50,3,1,0
BRDA:89,4,0,0
BRDA:89,4,1,0
BRDA:105,5,0,0
BRDA:105,5,1,0
BRDA:105,5,2,0
BRDA:119,6,0,0
BRDA:119,6,1,0
BRDA:132,7,0,0
BRDA:132,7,1,0
BRDA:135,8,0,0
BRDA:135,8,1,0
BRDA:150,9,0,0
BRDA:150,9,1,0
BRDA:158,10,0,0
BRDA:158,10,1,0
BRF:24
BRH:0
end_of_record
TN:
SF:src\services\CrowdParser.js
FN:3,parseCrowdExcel
FN:14,(anonymous_1)
FN:20,(anonymous_2)
FN:22,(anonymous_3)
FN:28,(anonymous_4)
FN:49,(anonymous_5)
FNF:6
FNH:6
FNDA:2,parseCrowdExcel
FNDA:15,(anonymous_1)
FNDA:1,(anonymous_2)
FNDA:1,(anonymous_3)
FNDA:15,(anonymous_4)
FNDA:2,(anonymous_5)
DA:4,2
DA:5,2
DA:6,2
DA:9,2
DA:10,2
DA:11,1
DA:14,15
DA:15,1
DA:17,1
DA:18,1
DA:20,1
DA:22,1
DA:23,0
DA:27,1
DA:28,1
DA:29,15
DA:32,1
DA:33,1
DA:34,0
DA:35,0
DA:39,1
DA:40,1
DA:41,0
DA:42,1
DA:43,1
DA:47,1
DA:48,1
DA:49,2
DA:53,1
DA:54,1
DA:55,0
DA:57,1
DA:61,1
DA:62,1
DA:65,1
DA:66,1
DA:67,1
DA:68,1
DA:70,1
DA:71,1
DA:73,1
DA:101,1
DA:102,1
DA:104,1
DA:111,1
DA:114,1
LF:46
LH:41
BRDA:10,0,0,1
BRDA:10,0,1,1
BRDA:10,1,0,2
BRDA:10,1,1,2
BRDA:14,2,0,15
BRDA:14,2,1,0
BRDA:22,3,0,0
BRDA:22,3,1,1
BRDA:22,4,0,1
BRDA:22,4,1,1
BRDA:22,4,2,1
BRDA:22,5,0,1
BRDA:22,5,1,1
BRDA:22,5,2,1
BRDA:32,6,0,1
BRDA:32,6,1,0
BRDA:33,7,0,0
BRDA:33,7,1,1
BRDA:40,8,0,0
BRDA:40,8,1,1
BRDA:42,9,0,1
BRDA:42,9,1,0
BRDA:47,10,0,1
BRDA:47,10,1,0
BRDA:48,11,0,1
BRDA:48,11,1,0
BRDA:54,12,0,0
BRDA:54,12,1,1
BRDA:61,13,0,1
BRDA:61,13,1,0
BRDA:62,14,0,0
BRDA:62,14,1,1
BRDA:65,15,0,1
BRDA:65,15,1,0
BRDA:66,16,0,1
BRDA:66,16,1,0
BRDA:67,17,0,1
BRDA:67,17,1,0
BRDA:68,18,0,1
BRDA:68,18,1,0
BRDA:75,19,0,1
BRDA:75,19,1,0
BRDA:76,20,0,1
BRDA:76,20,1,0
BRDA:77,21,0,1
BRDA:77,21,1,0
BRDA:80,22,0,1
BRDA:80,22,1,0
BRDA:81,23,0,1
BRDA:81,23,1,0
BRDA:84,24,0,1
BRDA:84,24,1,0
BRDA:85,25,0,1
BRDA:85,25,1,1
BRDA:86,26,0,1
BRDA:86,26,1,1
BRDA:87,27,0,1
BRDA:87,27,1,1
BRDA:92,28,0,1
BRDA:92,28,1,1
BRDA:93,29,0,1
BRDA:93,29,1,1
BRDA:94,30,0,1
BRDA:94,30,1,1
BRDA:95,31,0,1
BRDA:95,31,1,1
BRDA:96,32,0,1
BRDA:96,32,1,1
BRDA:102,33,0,1
BRDA:102,33,1,0
BRF:70
BRH:48
end_of_record
TN:
SF:src\services\CrowdService.js
FN:7,uploadCrowdData
FN:23,startApiPolling
FN:28,(anonymous_2)
FN:64,stopApiPolling
FN:71,parseCSV
FN:72,(anonymous_5)
FN:74,(anonymous_6)
FN:75,(anonymous_7)
FN:77,(anonymous_8)
FNF:9
FNH:9
FNDA:2,uploadCrowdData
FNDA:1,startApiPolling
FNDA:2,(anonymous_2)
FNDA:3,stopApiPolling
FNDA:1,parseCSV
FNDA:2,(anonymous_5)
FNDA:2,(anonymous_6)
FNDA:2,(anonymous_7)
FNDA:2,(anonymous_8)
DA:5,1
DA:8,2
DA:9,2
DA:10,1
DA:11,1
DA:12,1
DA:14,0
DA:17,2
DA:18,2
DA:19,2
DA:20,2
DA:24,1
DA:25,0
DA:28,1
DA:29,2
DA:30,2
DA:31,2
DA:32,2
DA:33,0
DA:34,0
DA:37,2
DA:38,2
DA:39,2
DA:40,2
DA:43,2
DA:44,2
DA:45,0
DA:48,2
DA:49,2
DA:50,2
DA:51,2
DA:52,2
DA:54,0
DA:59,1
DA:61,1
DA:65,3
DA:66,1
DA:67,1
DA:72,2
DA:73,1
DA:74,2
DA:75,2
DA:76,1
DA:77,1
DA:78,2
DA:80,2
DA:81,2
DA:82,1
DA:83,1
DA:84,1
DA:85,1
DA:88,2
DA:90,1
LF:53
LH:47
BRDA:9,0,0,1
BRDA:9,0,1,1
BRDA:10,1,0,1
BRDA:10,1,1,0
BRDA:11,2,0,1
BRDA:11,2,1,0
BRDA:24,3,0,0
BRDA:24,3,1,1
BRDA:32,4,0,0
BRDA:32,4,1,2
BRDA:38,5,0,2
BRDA:38,5,1,0
BRDA:44,6,0,0
BRDA:44,6,1,2
BRDA:52,7,0,2
BRDA:52,7,1,0
BRDA:65,8,0,1
BRDA:65,8,1,2
BRDA:73,9,0,0
BRDA:73,9,1,1
BRDA:78,10,0,2
BRDA:78,10,1,0
BRDA:81,11,0,1
BRDA:81,11,1,1
BRDA:81,12,0,2
BRDA:81,12,1,1
BRDA:83,13,0,1
BRDA:83,13,1,0
BRDA:83,14,0,1
BRDA:83,14,1,1
BRF:30
BRH:20
end_of_record
TN:
SF:src\services\analytics.js
FN:17,(anonymous_0)
FN:33,logCustomEvent
FNF:2
FNH:2
FNDA:2,(anonymous_0)
FNDA:7,logCustomEvent
DA:4,2
DA:15,2
DA:17,2
DA:18,2
DA:19,0
DA:21,0
DA:22,0
DA:24,0
DA:26,0
DA:28,0
DA:34,7
DA:35,7
DA:36,0
DA:37,0
DA:39,0
LF:15
LH:6
BRDA:5,0,0,2
BRDA:5,0,1,2
BRDA:6,1,0,2
BRDA:6,1,1,2
BRDA:7,2,0,2
BRDA:7,2,1,2
BRDA:8,3,0,2
BRDA:8,3,1,2
BRDA:9,4,0,2
BRDA:9,4,1,2
BRDA:10,5,0,2
BRDA:10,5,1,2
BRDA:11,6,0,2
BRDA:11,6,1,2
BRDA:12,7,0,2
BRDA:12,7,1,2
BRDA:18,8,0,0
BRDA:18,8,1,2
BRDA:33,9,0,0
BRDA:35,10,0,0
BRDA:35,10,1,7
BRF:21
BRH:18
end_of_record
TN:
SF:src\services\firebase.js
FN:5,getCrowdData
FNF:1
FNH:0
FNDA:0,getCrowdData
DA:6,0
DA:33,0
DA:34,0
DA:35,0
DA:36,0
DA:37,0
DA:38,0
DA:43,0
DA:46,0
DA:47,0
DA:50,0
LF:11
LH:0
BRDA:36,0,0,0
BRDA:36,0,1,0
BRF:2
BRH:0
end_of_record
TN:
SF:src\services\gemini.js
FN:19,buildPrompt
FN:54,askGemini
FN:122,testGeminiConnection
FN:157,detectLanguage
FN:228,translateText
FN:270,wrapWithTranslation
FN:294,generateSmartSummary
FN:361,classifySentiment
FNF:8
FNH:7
FNDA:1,buildPrompt
FNDA:4,askGemini
FNDA:0,testGeminiConnection
FNDA:4,detectLanguage
FNDA:4,translateText
FNDA:4,wrapWithTranslation
FNDA:1,generateSmartSummary
FNDA:2,classifySentiment
DA:8,1
DA:20,1
DA:21,1
DA:22,1
DA:23,1
DA:26,1
DA:27,1
DA:28,0
DA:29,0
DA:30,0
DA:31,0
DA:32,0
DA:33,0
DA:41,1
DA:42,1
DA:46,1
DA:47,1
DA:48,0
DA:51,1
DA:55,4
DA:56,4
DA:57,1
DA:60,3
DA:61,3
DA:64,3
DA:65,3
DA:66,1
DA:70,2
DA:71,1
DA:75,1
DA:78,1
DA:79,1
DA:80,1
DA:82,1
DA:104,1
DA:105,0
DA:108,1
DA:109,1
DA:111,1
DA:112,0
DA:115,1
DA:116,1
DA:118,2
DA:123,0
DA:124,0
DA:125,0
DA:127,0
DA:145,0
DA:146,0
DA:149,0
DA:150,0
DA:151,0
DA:153,0
DA:158,4
DA:159,4
DA:160,4
DA:161,1
DA:162,1
DA:163,1
DA:167,0
DA:170,3
DA:171,3
DA:174,3
DA:175,3
DA:201,0
DA:204,3
DA:205,0
DA:208,3
DA:209,3
DA:210,3
DA:211,0
DA:214,3
DA:215,3
DA:216,3
DA:217,3
DA:218,3
DA:219,3
DA:222,0
DA:225,0
DA:229,4
DA:230,4
DA:232,4
DA:257,4
DA:258,0
DA:261,4
DA:262,4
DA:263,4
DA:264,0
DA:267,4
DA:271,4
DA:272,4
DA:273,4
DA:275,0
DA:276,0
DA:279,4
DA:284,4
DA:285,2
DA:288,2
DA:289,2
DA:290,2
DA:291,2
DA:295,1
DA:296,1
DA:299,1
DA:300,1
DA:301,1
DA:302,1
DA:303,0
DA:304,0
DA:308,1
DA:309,1
DA:310,1
DA:311,1
DA:312,0
DA:315,0
DA:318,1
DA:323,1
DA:324,1
DA:326,1
DA:344,1
DA:345,0
DA:348,1
DA:349,1
DA:350,1
DA:352,1
DA:353,1
DA:355,0
DA:358,1
DA:362,2
DA:367,2
DA:368,2
DA:370,2
DA:388,2
DA:389,0
DA:392,2
DA:393,2
DA:394,2
DA:396,2
DA:397,1
DA:399,1
LF:140
LH:104
BRDA:19,0,0,0
BRDA:20,1,0,1
BRDA:20,1,1,0
BRDA:21,2,0,1
BRDA:21,2,1,0
BRDA:22,3,0,1
BRDA:22,3,1,0
BRDA:23,4,0,0
BRDA:23,4,1,1
BRDA:27,5,0,0
BRDA:27,5,1,1
BRDA:27,6,0,1
BRDA:27,6,1,1
BRDA:30,7,0,0
BRDA:30,7,1,0
BRDA:32,8,0,0
BRDA:32,8,1,0
BRDA:42,9,0,0
BRDA:42,9,1,1
BRDA:44,10,0,0
BRDA:44,10,1,1
BRDA:47,11,0,0
BRDA:47,11,1,1
BRDA:54,12,0,4
BRDA:54,13,0,4
BRDA:56,14,0,1
BRDA:56,14,1,3
BRDA:65,15,0,1
BRDA:65,15,1,2
BRDA:70,16,0,1
BRDA:70,16,1,1
BRDA:104,17,0,0
BRDA:104,17,1,1
BRDA:111,18,0,0
BRDA:111,18,1,1
BRDA:118,19,0,2
BRDA:118,19,1,0
BRDA:145,20,0,0
BRDA:145,20,1,0
BRDA:157,21,0,0
BRDA:160,22,0,1
BRDA:160,22,1,3
BRDA:162,23,0,1
BRDA:162,23,1,0
BRDA:162,24,0,1
BRDA:162,24,1,1
BRDA:162,24,2,1
BRDA:204,25,0,0
BRDA:204,25,1,3
BRDA:210,26,0,0
BRDA:210,26,1,3
BRDA:216,27,0,3
BRDA:216,27,1,0
BRDA:216,28,0,3
BRDA:216,28,1,3
BRDA:216,28,2,3
BRDA:228,29,0,0
BRDA:257,30,0,0
BRDA:257,30,1,4
BRDA:263,31,0,0
BRDA:263,31,1,4
BRDA:270,32,0,4
BRDA:279,33,0,4
BRDA:279,33,1,4
BRDA:279,33,2,3
BRDA:279,33,3,2
BRDA:284,34,0,2
BRDA:284,34,1,2
BRDA:295,35,0,1
BRDA:295,35,1,0
BRDA:296,36,0,1
BRDA:296,36,1,0
BRDA:300,37,0,1
BRDA:300,37,1,0
BRDA:301,38,0,1
BRDA:301,38,1,0
BRDA:303,39,0,0
BRDA:303,39,1,0
BRDA:308,40,0,1
BRDA:308,40,1,1
BRDA:311,41,0,0
BRDA:311,41,1,1
BRDA:344,42,0,0
BRDA:344,42,1,1
BRDA:350,43,0,1
BRDA:350,43,1,0
BRDA:388,44,0,0
BRDA:388,44,1,2
BRDA:394,45,0,2
BRDA:394,45,1,0
BRDA:396,46,0,1
BRDA:396,46,1,1
BRF:92
BRH:55
end_of_record
TN:
SF:src\services\maps.js
FN:3,initMap
FN:18,addStadiumMarker
FN:27,addGateMarkers
FN:32,(anonymous_3)
FN:61,clearMarkers
FN:63,(anonymous_5)
FN:71,getDirectionsURL
FN:75,getBoundingBox
FNF:8
FNH:0
FNDA:0,initMap
FNDA:0,addStadiumMarker
FNDA:0,addGateMarkers
FNDA:0,(anonymous_3)
FNDA:0,clearMarkers
FNDA:0,(anonymous_5)
FNDA:0,getDirectionsURL
FNDA:0,getBoundingBox
DA:4,0
DA:5,0
DA:7,0
DA:11,0
DA:13,0
DA:14,0
DA:19,0
DA:20,0
DA:21,0
DA:22,0
DA:24,0
DA:28,0
DA:30,0
DA:32,0
DA:33,0
DA:34,0
DA:36,0
DA:38,0
DA:39,0
DA:40,0
DA:41,0
DA:42,0
DA:43,0
DA:44,0
DA:45,0
DA:47,0
DA:48,0
DA:51,0
DA:52,0
DA:53,0
DA:55,0
DA:58,0
DA:62,0
DA:63,0
DA:64,0
DA:65,0
DA:72,0
DA:76,0
DA:77,0
DA:79,0
DA:80,0
DA:81,0
DA:83,0
LF:43
LH:0
BRDA:3,0,0,0
BRDA:19,1,0,0
BRDA:19,1,1,0
BRDA:21,2,0,0
BRDA:21,2,1,0
BRDA:28,3,0,0
BRDA:28,3,1,0
BRDA:28,4,0,0
BRDA:28,4,1,0
BRDA:36,5,0,0
BRDA:36,5,1,0
BRDA:38,6,0,0
BRDA:38,6,1,0
BRDA:40,7,0,0
BRDA:40,7,1,0
BRDA:42,8,0,0
BRDA:42,8,1,0
BRDA:44,9,0,0
BRDA:44,9,1,0
BRDA:52,10,0,0
BRDA:52,10,1,0
BRDA:52,11,0,0
BRDA:52,11,1,0
BRDA:62,12,0,0
BRDA:62,12,1,0
BRDA:64,13,0,0
BRDA:64,13,1,0
BRDA:64,14,0,0
BRDA:64,14,1,0
BRDA:75,15,0,0
BRF:30
BRH:0
end_of_record
TN:
SF:src\utils\cache.js
FN:3,getCachedResponse
FN:19,setCachedResponse
FN:28,clearCache
FNF:3
FNH:0
FNDA:0,getCachedResponse
FNDA:0,setCachedResponse
FNDA:0,clearCache
DA:1,0
DA:4,0
DA:5,0
DA:6,0
DA:7,0
DA:9,0
DA:10,0
DA:11,0
DA:15,0
DA:16,0
DA:20,0
DA:21,0
DA:22,0
DA:29,0
LF:14
LH:0
BRDA:4,0,0,0
BRDA:4,0,1,0
BRDA:7,1,0,0
BRDA:7,1,1,0
BRDA:10,2,0,0
BRDA:10,2,1,0
BRDA:20,3,0,0
BRDA:20,3,1,0
BRF:8
BRH:0
end_of_record
TN:
SF:src\utils\errorHandler.js
FN:3,isOffTopic
FN:16,(anonymous_1)
FN:27,isVagueQuestion
FN:38,fetchWithRetry
FN:44,(anonymous_4)
FN:52,(anonymous_5)
FNF:6
FNH:5
FNDA:5,isOffTopic
FNDA:157,(anonymous_1)
FNDA:6,isVagueQuestion
FNDA:14,fetchWithRetry
FNDA:2,(anonymous_4)
FNDA:0,(anonymous_5)
DA:1,2
DA:4,5
DA:6,5
DA:16,5
DA:17,157
DA:18,69
DA:19,69
DA:21,88
DA:24,5
DA:28,6
DA:29,6
DA:31,4
DA:32,4
DA:33,1
DA:35,3
DA:39,14
DA:40,14
DA:41,14
DA:42,2
DA:43,2
DA:44,2
DA:45,2
DA:48,12
DA:50,0
DA:51,0
DA:52,0
DA:53,0
DA:55,0
LF:28
LH:23
BRDA:17,0,0,69
BRDA:17,0,1,88
BRDA:29,1,0,2
BRDA:29,1,1,4
BRDA:32,2,0,1
BRDA:32,2,1,3
BRDA:32,3,0,4
BRDA:32,3,1,3
BRDA:38,4,0,0
BRDA:38,5,0,0
BRDA:38,6,0,3
BRDA:41,7,0,2
BRDA:41,7,1,12
BRDA:42,8,0,2
BRDA:42,8,1,0
BRDA:43,9,0,2
BRDA:43,9,1,0
BRDA:50,10,0,0
BRDA:50,10,1,0
BRDA:51,11,0,0
BRDA:51,11,1,0
BRF:21
BRH:13
end_of_record
TN:
SF:src\utils\rateLimit.js
FN:3,canMakeRequest
FN:15,logRequest
FN:19,getWaitTime
FNF:3
FNH:0
FNDA:0,canMakeRequest
FNDA:0,logRequest
FNDA:0,getWaitTime
DA:1,0
DA:4,0
DA:5,0
DA:8,0
DA:9,0
DA:12,0
DA:16,0
DA:20,0
DA:21,0
DA:23,0
DA:24,0
DA:26,0
DA:27,0
DA:28,0
DA:29,0
LF:15
LH:0
BRDA:8,0,0,0
BRDA:8,0,1,0
BRDA:20,1,0,0
BRDA:20,1,1,0
BRDA:23,2,0,0
BRDA:23,2,1,0
BRF:6
BRH:0
end_of_record
TN:
SF:src\utils\sanitize.js
FN:1,sanitizeInput
FN:21,sanitizeResponse
FN:26,isValidInput
FNF:3
FNH:3
FNDA:6,sanitizeInput
FNDA:1,sanitizeResponse
FNDA:6,isValidInput
DA:2,6
DA:3,6
DA:6,6
DA:9,6
DA:10,6
DA:11,6
DA:14,6
DA:15,1
DA:18,6
DA:22,1
DA:23,1
DA:27,6
DA:28,6
DA:29,6
DA:30,1
LF:15
LH:15
BRDA:2,0,0,0
BRDA:2,0,1,6
BRDA:14,1,0,1
BRDA:14,1,1,5
BRDA:22,2,0,0
BRDA:22,2,1,1
BRDA:27,3,0,0
BRDA:27,3,1,6
BRDA:29,4,0,5
BRDA:29,4,1,1
BRDA:29,5,0,6
BRDA:29,5,1,2
BRF:12
BRH:9
end_of_record
